mode: set
github.com/dba-cli/dba/cmd/dba/main.go:17.13,20.38 2 0
github.com/dba-cli/dba/cmd/dba/main.go:20.38,23.3 2 0
github.com/dba-cli/dba/internal/cli/code.go:42.54,44.17 2 0
github.com/dba-cli/dba/internal/cli/code.go:44.17,46.4 1 0
github.com/dba-cli/dba/internal/cli/code.go:47.3,49.48 2 0
github.com/dba-cli/dba/internal/cli/code.go:49.48,51.4 1 0
github.com/dba-cli/dba/internal/cli/code.go:53.3,58.35 4 0
github.com/dba-cli/dba/internal/cli/code.go:58.35,60.4 1 0
github.com/dba-cli/dba/internal/cli/code.go:63.3,63.31 1 0
github.com/dba-cli/dba/internal/cli/code.go:63.31,65.4 1 0
github.com/dba-cli/dba/internal/cli/code.go:67.3,72.17 2 0
github.com/dba-cli/dba/internal/cli/code.go:72.17,74.4 1 0
github.com/dba-cli/dba/internal/cli/code.go:76.3,76.30 1 0
github.com/dba-cli/dba/internal/cli/code.go:93.54,95.17 2 0
github.com/dba-cli/dba/internal/cli/code.go:95.17,97.4 1 0
github.com/dba-cli/dba/internal/cli/code.go:98.3,100.48 2 0
github.com/dba-cli/dba/internal/cli/code.go:100.48,102.4 1 0
github.com/dba-cli/dba/internal/cli/code.go:104.3,105.17 2 0
github.com/dba-cli/dba/internal/cli/code.go:105.17,107.4 1 0
github.com/dba-cli/dba/internal/cli/code.go:109.3,112.12 3 0
github.com/dba-cli/dba/internal/cli/code.go:112.12,114.18 2 0
github.com/dba-cli/dba/internal/cli/code.go:114.18,116.5 1 0
github.com/dba-cli/dba/internal/cli/code.go:117.4,117.31 1 0
github.com/dba-cli/dba/internal/cli/code.go:120.3,121.17 2 0
github.com/dba-cli/dba/internal/cli/code.go:121.17,123.4 1 0
github.com/dba-cli/dba/internal/cli/code.go:125.3,125.30 1 0
github.com/dba-cli/dba/internal/cli/code.go:142.54,144.17 2 0
github.com/dba-cli/dba/internal/cli/code.go:144.17,146.4 1 0
github.com/dba-cli/dba/internal/cli/code.go:147.3,149.48 2 0
github.com/dba-cli/dba/internal/cli/code.go:149.48,151.4 1 0
github.com/dba-cli/dba/internal/cli/code.go:153.3,156.17 3 0
github.com/dba-cli/dba/internal/cli/code.go:156.17,158.4 1 0
github.com/dba-cli/dba/internal/cli/code.go:160.3,160.30 1 0
github.com/dba-cli/dba/internal/cli/code.go:176.54,178.17 2 0
github.com/dba-cli/dba/internal/cli/code.go:178.17,180.4 1 0
github.com/dba-cli/dba/internal/cli/code.go:181.3,183.48 2 0
github.com/dba-cli/dba/internal/cli/code.go:183.48,185.4 1 0
github.com/dba-cli/dba/internal/cli/code.go:187.3,188.17 2 0
github.com/dba-cli/dba/internal/cli/code.go:188.17,190.4 1 0
github.com/dba-cli/dba/internal/cli/code.go:192.3,193.17 2 0
github.com/dba-cli/dba/internal/cli/code.go:193.17,195.4 1 0
github.com/dba-cli/dba/internal/cli/code.go:197.3,197.30 1 0
github.com/dba-cli/dba/internal/cli/code.go:214.54,216.17 2 0
github.com/dba-cli/dba/internal/cli/code.go:216.17,218.4 1 0
github.com/dba-cli/dba/internal/cli/code.go:219.3,221.48 2 0
github.com/dba-cli/dba/internal/cli/code.go:221.48,223.4 1 0
github.com/dba-cli/dba/internal/cli/code.go:225.3,226.17 2 0
github.com/dba-cli/dba/internal/cli/code.go:226.17,228.4 1 0
github.com/dba-cli/dba/internal/cli/code.go:230.3,233.17 3 0
github.com/dba-cli/dba/internal/cli/code.go:233.17,235.4 1 0
github.com/dba-cli/dba/internal/cli/code.go:237.3,237.30 1 0
github.com/dba-cli/dba/internal/cli/code.go:254.54,256.17 2 0
github.com/dba-cli/dba/internal/cli/code.go:256.17,258.4 1 0
github.com/dba-cli/dba/internal/cli/code.go:259.3,261.48 2 0
github.com/dba-cli/dba/internal/cli/code.go:261.48,263.4 1 0
github.com/dba-cli/dba/internal/cli/code.go:265.3,266.17 2 0
github.com/dba-cli/dba/internal/cli/code.go:266.17,268.4 1 0
github.com/dba-cli/dba/internal/cli/code.go:270.3,274.17 4 0
github.com/dba-cli/dba/internal/cli/code.go:274.17,276.4 1 0
github.com/dba-cli/dba/internal/cli/code.go:278.3,278.30 1 0
github.com/dba-cli/dba/internal/cli/code.go:295.54,297.17 2 0
github.com/dba-cli/dba/internal/cli/code.go:297.17,299.4 1 0
github.com/dba-cli/dba/internal/cli/code.go:300.3,302.48 2 0
github.com/dba-cli/dba/internal/cli/code.go:302.48,304.4 1 0
github.com/dba-cli/dba/internal/cli/code.go:306.3,309.22 3 0
github.com/dba-cli/dba/internal/cli/code.go:309.22,311.4 1 0
github.com/dba-cli/dba/internal/cli/code.go:313.3,314.17 2 0
github.com/dba-cli/dba/internal/cli/code.go:314.17,316.4 1 0
github.com/dba-cli/dba/internal/cli/code.go:318.3,318.30 1 0
github.com/dba-cli/dba/internal/cli/code.go:334.54,336.17 2 0
github.com/dba-cli/dba/internal/cli/code.go:336.17,338.4 1 0
github.com/dba-cli/dba/internal/cli/code.go:339.3,341.48 2 0
github.com/dba-cli/dba/internal/cli/code.go:341.48,343.4 1 0
github.com/dba-cli/dba/internal/cli/code.go:345.3,346.17 2 0
github.com/dba-cli/dba/internal/cli/code.go:346.17,348.4 1 0
github.com/dba-cli/dba/internal/cli/code.go:350.3,351.17 2 0
github.com/dba-cli/dba/internal/cli/code.go:351.17,353.4 1 0
github.com/dba-cli/dba/internal/cli/code.go:355.3,355.30 1 0
github.com/dba-cli/dba/internal/cli/code.go:371.54,373.17 2 0
github.com/dba-cli/dba/internal/cli/code.go:373.17,375.4 1 0
github.com/dba-cli/dba/internal/cli/code.go:376.3,378.48 2 0
github.com/dba-cli/dba/internal/cli/code.go:378.48,380.4 1 0
github.com/dba-cli/dba/internal/cli/code.go:382.3,386.10 4 0
github.com/dba-cli/dba/internal/cli/code.go:386.10,388.4 1 0
github.com/dba-cli/dba/internal/cli/code.go:390.3,392.30 2 0
github.com/dba-cli/dba/internal/cli/code.go:396.13,435.2 21 1
github.com/dba-cli/dba/internal/cli/computer_browser.go:21.54,23.17 2 0
github.com/dba-cli/dba/internal/cli/computer_browser.go:23.17,25.4 1 0
github.com/dba-cli/dba/internal/cli/computer_browser.go:26.3,28.48 2 0
github.com/dba-cli/dba/internal/cli/computer_browser.go:28.48,30.4 1 0
github.com/dba-cli/dba/internal/cli/computer_browser.go:32.3,33.17 2 0
github.com/dba-cli/dba/internal/cli/computer_browser.go:33.17,35.4 1 0
github.com/dba-cli/dba/internal/cli/computer_browser.go:37.3,38.42 2 0
github.com/dba-cli/dba/internal/cli/computer_browser.go:38.42,40.4 1 0
github.com/dba-cli/dba/internal/cli/computer_browser.go:42.3,43.17 2 0
github.com/dba-cli/dba/internal/cli/computer_browser.go:43.17,45.4 1 0
github.com/dba-cli/dba/internal/cli/computer_browser.go:48.3,49.13 2 0
github.com/dba-cli/dba/internal/cli/computer_browser.go:63.54,65.17 2 0
github.com/dba-cli/dba/internal/cli/computer_browser.go:65.17,67.4 1 0
github.com/dba-cli/dba/internal/cli/computer_browser.go:68.3,70.48 2 0
github.com/dba-cli/dba/internal/cli/computer_browser.go:70.48,72.4 1 0
github.com/dba-cli/dba/internal/cli/computer_browser.go:74.3,75.17 2 0
github.com/dba-cli/dba/internal/cli/computer_browser.go:75.17,77.4 1 0
github.com/dba-cli/dba/internal/cli/computer_browser.go:79.3,80.61 2 0
github.com/dba-cli/dba/internal/cli/computer_browser.go:80.61,82.4 1 0
github.com/dba-cli/dba/internal/cli/computer_browser.go:84.3,85.13 2 0
github.com/dba-cli/dba/internal/cli/computer_browser.go:95.54,97.17 2 0
github.com/dba-cli/dba/internal/cli/computer_browser.go:97.17,99.4 1 0
github.com/dba-cli/dba/internal/cli/computer_browser.go:100.3,102.48 2 0
github.com/dba-cli/dba/internal/cli/computer_browser.go:102.48,104.4 1 0
github.com/dba-cli/dba/internal/cli/computer_browser.go:106.3,107.17 2 0
github.com/dba-cli/dba/internal/cli/computer_browser.go:107.17,109.4 1 0
github.com/dba-cli/dba/internal/cli/computer_browser.go:111.3,111.66 1 0
github.com/dba-cli/dba/internal/cli/computer_browser.go:111.66,113.4 1 0
github.com/dba-cli/dba/internal/cli/computer_browser.go:115.3,116.13 2 0
github.com/dba-cli/dba/internal/cli/computer_browser.go:126.54,128.17 2 0
github.com/dba-cli/dba/internal/cli/computer_browser.go:128.17,130.4 1 0
github.com/dba-cli/dba/internal/cli/computer_browser.go:131.3,133.48 2 0
github.com/dba-cli/dba/internal/cli/computer_browser.go:133.48,135.4 1 0
github.com/dba-cli/dba/internal/cli/computer_browser.go:137.3,138.17 2 0
github.com/dba-cli/dba/internal/cli/computer_browser.go:138.17,140.4 1 0
github.com/dba-cli/dba/internal/cli/computer_browser.go:142.3,142.68 1 0
github.com/dba-cli/dba/internal/cli/computer_browser.go:142.68,144.4 1 0
github.com/dba-cli/dba/internal/cli/computer_browser.go:146.3,147.13 2 0
github.com/dba-cli/dba/internal/cli/computer_browser.go:157.54,159.17 2 0
github.com/dba-cli/dba/internal/cli/computer_browser.go:159.17,161.4 1 0
github.com/dba-cli/dba/internal/cli/computer_browser.go:162.3,164.48 2 0
github.com/dba-cli/dba/internal/cli/computer_browser.go:164.48,166.4 1 0
github.com/dba-cli/dba/internal/cli/computer_browser.go:168.3,169.17 2 0
github.com/dba-cli/dba/internal/cli/computer_browser.go:169.17,171.4 1 0
github.com/dba-cli/dba/internal/cli/computer_browser.go:173.3,173.68 1 0
github.com/dba-cli/dba/internal/cli/computer_browser.go:173.68,175.4 1 0
github.com/dba-cli/dba/internal/cli/computer_browser.go:177.3,178.13 2 0
github.com/dba-cli/dba/internal/cli/computer_browser.go:193.54,195.17 2 0
github.com/dba-cli/dba/internal/cli/computer_browser.go:195.17,197.4 1 0
github.com/dba-cli/dba/internal/cli/computer_browser.go:198.3,200.48 2 0
github.com/dba-cli/dba/internal/cli/computer_browser.go:200.48,202.4 1 0
github.com/dba-cli/dba/internal/cli/computer_browser.go:204.3,205.17 2 0
github.com/dba-cli/dba/internal/cli/computer_browser.go:205.17,207.4 1 0
github.com/dba-cli/dba/internal/cli/computer_browser.go:209.3,209.60 1 0
github.com/dba-cli/dba/internal/cli/computer_browser.go:209.60,211.4 1 0
github.com/dba-cli/dba/internal/cli/computer_browser.go:213.3,214.13 2 0
github.com/dba-cli/dba/internal/cli/computer_browser.go:224.54,226.17 2 0
github.com/dba-cli/dba/internal/cli/computer_browser.go:226.17,228.4 1 0
github.com/dba-cli/dba/internal/cli/computer_browser.go:229.3,231.48 2 0
github.com/dba-cli/dba/internal/cli/computer_browser.go:231.48,233.4 1 0
github.com/dba-cli/dba/internal/cli/computer_browser.go:235.3,236.17 2 0
github.com/dba-cli/dba/internal/cli/computer_browser.go:236.17,238.4 1 0
github.com/dba-cli/dba/internal/cli/computer_browser.go:240.3,240.60 1 0
github.com/dba-cli/dba/internal/cli/computer_browser.go:240.60,242.4 1 0
github.com/dba-cli/dba/internal/cli/computer_browser.go:244.3,245.13 2 0
github.com/dba-cli/dba/internal/cli/computer_browser.go:255.54,257.17 2 0
github.com/dba-cli/dba/internal/cli/computer_browser.go:257.17,259.4 1 0
github.com/dba-cli/dba/internal/cli/computer_browser.go:260.3,262.48 2 0
github.com/dba-cli/dba/internal/cli/computer_browser.go:262.48,264.4 1 0
github.com/dba-cli/dba/internal/cli/computer_browser.go:266.3,267.17 2 0
github.com/dba-cli/dba/internal/cli/computer_browser.go:267.17,269.4 1 0
github.com/dba-cli/dba/internal/cli/computer_browser.go:271.3,271.70 1 0
github.com/dba-cli/dba/internal/cli/computer_browser.go:271.70,273.4 1 0
github.com/dba-cli/dba/internal/cli/computer_browser.go:275.3,276.13 2 0
github.com/dba-cli/dba/internal/cli/computer_browser.go:287.54,289.17 2 0
github.com/dba-cli/dba/internal/cli/computer_browser.go:289.17,291.4 1 0
github.com/dba-cli/dba/internal/cli/computer_browser.go:292.3,294.48 2 0
github.com/dba-cli/dba/internal/cli/computer_browser.go:294.48,296.4 1 0
github.com/dba-cli/dba/internal/cli/computer_browser.go:298.3,299.17 2 0
github.com/dba-cli/dba/internal/cli/computer_browser.go:299.17,301.4 1 0
github.com/dba-cli/dba/internal/cli/computer_browser.go:303.3,305.20 3 0
github.com/dba-cli/dba/internal/cli/computer_browser.go:305.20,307.4 1 0
github.com/dba-cli/dba/internal/cli/computer_browser.go:309.3,309.71 1 0
github.com/dba-cli/dba/internal/cli/computer_browser.go:309.71,311.4 1 0
github.com/dba-cli/dba/internal/cli/computer_browser.go:313.3,314.13 2 0
github.com/dba-cli/dba/internal/cli/computer_browser.go:322.29,323.26 1 0
github.com/dba-cli/dba/internal/cli/computer_browser.go:323.26,325.3 1 0
github.com/dba-cli/dba/internal/cli/computer_browser.go:328.2,337.45 4 0
github.com/dba-cli/dba/internal/cli/computer_browser.go:337.45,340.3 2 0
github.com/dba-cli/dba/internal/cli/computer_browser.go:342.2,350.16 3 0
github.com/dba-cli/dba/internal/cli/computer_browser.go:350.16,352.3 1 0
github.com/dba-cli/dba/internal/cli/computer_browser.go:354.2,354.20 1 0
github.com/dba-cli/dba/internal/cli/computer_browser.go:357.13,370.2 11 1
github.com/dba-cli/dba/internal/cli/computer_info.go:20.54,22.17 2 0
github.com/dba-cli/dba/internal/cli/computer_info.go:22.17,24.4 1 0
github.com/dba-cli/dba/internal/cli/computer_info.go:25.3,27.48 2 0
github.com/dba-cli/dba/internal/cli/computer_info.go:27.48,29.4 1 0
github.com/dba-cli/dba/internal/cli/computer_info.go:31.3,32.17 2 0
github.com/dba-cli/dba/internal/cli/computer_info.go:32.17,34.4 1 0
github.com/dba-cli/dba/internal/cli/computer_info.go:36.3,43.17 4 0
github.com/dba-cli/dba/internal/cli/computer_info.go:43.17,45.4 1 0
github.com/dba-cli/dba/internal/cli/computer_info.go:47.3,47.19 1 0
github.com/dba-cli/dba/internal/cli/computer_info.go:47.19,49.45 1 0
github.com/dba-cli/dba/internal/cli/computer_info.go:49.45,51.5 1 0
github.com/dba-cli/dba/internal/cli/computer_info.go:52.4,53.72 2 0
github.com/dba-cli/dba/internal/cli/computer_info.go:54.9,56.4 1 0
github.com/dba-cli/dba/internal/cli/computer_info.go:58.3,58.13 1 0
github.com/dba-cli/dba/internal/cli/computer_info.go:77.54,79.17 2 0
github.com/dba-cli/dba/internal/cli/computer_info.go:79.17,81.4 1 0
github.com/dba-cli/dba/internal/cli/computer_info.go:82.3,84.48 2 0
github.com/dba-cli/dba/internal/cli/computer_info.go:84.48,86.4 1 0
github.com/dba-cli/dba/internal/cli/computer_info.go:88.3,89.17 2 0
github.com/dba-cli/dba/internal/cli/computer_info.go:89.17,91.4 1 0
github.com/dba-cli/dba/internal/cli/computer_info.go:93.3,96.15 3 0
github.com/dba-cli/dba/internal/cli/computer_info.go:97.15,98.21 1 0
github.com/dba-cli/dba/internal/cli/computer_info.go:98.21,100.5 1 0
github.com/dba-cli/dba/internal/cli/computer_info.go:101.4,101.54 1 0
github.com/dba-cli/dba/internal/cli/computer_info.go:102.16,103.21 1 0
github.com/dba-cli/dba/internal/cli/computer_info.go:103.21,105.5 1 0
github.com/dba-cli/dba/internal/cli/computer_info.go:106.4,106.55 1 0
github.com/dba-cli/dba/internal/cli/computer_info.go:107.16,108.46 1 0
github.com/dba-cli/dba/internal/cli/computer_info.go:109.14,110.44 1 0
github.com/dba-cli/dba/internal/cli/computer_info.go:111.15,112.21 1 0
github.com/dba-cli/dba/internal/cli/computer_info.go:112.21,114.5 1 0
github.com/dba-cli/dba/internal/cli/computer_info.go:115.4,115.68 1 0
github.com/dba-cli/dba/internal/cli/computer_info.go:116.11,117.88 1 0
github.com/dba-cli/dba/internal/cli/computer_info.go:120.3,120.17 1 0
github.com/dba-cli/dba/internal/cli/computer_info.go:120.17,122.4 1 0
github.com/dba-cli/dba/internal/cli/computer_info.go:124.3,125.13 2 0
github.com/dba-cli/dba/internal/cli/computer_info.go:136.54,138.17 2 0
github.com/dba-cli/dba/internal/cli/computer_info.go:138.17,140.4 1 0
github.com/dba-cli/dba/internal/cli/computer_info.go:141.3,143.48 2 0
github.com/dba-cli/dba/internal/cli/computer_info.go:143.48,145.4 1 0
github.com/dba-cli/dba/internal/cli/computer_info.go:147.3,148.17 2 0
github.com/dba-cli/dba/internal/cli/computer_info.go:148.17,150.4 1 0
github.com/dba-cli/dba/internal/cli/computer_info.go:152.3,156.15 4 0
github.com/dba-cli/dba/internal/cli/computer_info.go:157.18,158.57 1 0
github.com/dba-cli/dba/internal/cli/computer_info.go:159.18,160.57 1 0
github.com/dba-cli/dba/internal/cli/computer_info.go:161.18,162.57 1 0
github.com/dba-cli/dba/internal/cli/computer_info.go:163.11,164.86 1 0
github.com/dba-cli/dba/internal/cli/computer_info.go:167.3,167.17 1 0
github.com/dba-cli/dba/internal/cli/computer_info.go:167.17,169.4 1 0
github.com/dba-cli/dba/internal/cli/computer_info.go:171.3,172.13 2 0
github.com/dba-cli/dba/internal/cli/computer_info.go:176.13,183.2 5 1
github.com/dba-cli/dba/internal/cli/computer_nav.go:16.54,18.17 2 0
github.com/dba-cli/dba/internal/cli/computer_nav.go:18.17,20.4 1 0
github.com/dba-cli/dba/internal/cli/computer_nav.go:21.3,23.48 2 0
github.com/dba-cli/dba/internal/cli/computer_nav.go:23.48,25.4 1 0
github.com/dba-cli/dba/internal/cli/computer_nav.go:27.3,28.17 2 0
github.com/dba-cli/dba/internal/cli/computer_nav.go:28.17,30.4 1 0
github.com/dba-cli/dba/internal/cli/computer_nav.go:32.3,33.55 2 0
github.com/dba-cli/dba/internal/cli/computer_nav.go:33.55,35.4 1 0
github.com/dba-cli/dba/internal/cli/computer_nav.go:37.3,38.13 2 0
github.com/dba-cli/dba/internal/cli/computer_nav.go:45.54,47.17 2 0
github.com/dba-cli/dba/internal/cli/computer_nav.go:47.17,49.4 1 0
github.com/dba-cli/dba/internal/cli/computer_nav.go:50.3,52.48 2 0
github.com/dba-cli/dba/internal/cli/computer_nav.go:52.48,54.4 1 0
github.com/dba-cli/dba/internal/cli/computer_nav.go:56.3,57.17 2 0
github.com/dba-cli/dba/internal/cli/computer_nav.go:57.17,59.4 1 0
github.com/dba-cli/dba/internal/cli/computer_nav.go:61.3,61.50 1 0
github.com/dba-cli/dba/internal/cli/computer_nav.go:61.50,63.4 1 0
github.com/dba-cli/dba/internal/cli/computer_nav.go:65.3,66.13 2 0
github.com/dba-cli/dba/internal/cli/computer_nav.go:73.54,75.17 2 0
github.com/dba-cli/dba/internal/cli/computer_nav.go:75.17,77.4 1 0
github.com/dba-cli/dba/internal/cli/computer_nav.go:78.3,80.48 2 0
github.com/dba-cli/dba/internal/cli/computer_nav.go:80.48,82.4 1 0
github.com/dba-cli/dba/internal/cli/computer_nav.go:84.3,85.17 2 0
github.com/dba-cli/dba/internal/cli/computer_nav.go:85.17,87.4 1 0
github.com/dba-cli/dba/internal/cli/computer_nav.go:89.3,89.53 1 0
github.com/dba-cli/dba/internal/cli/computer_nav.go:89.53,91.4 1 0
github.com/dba-cli/dba/internal/cli/computer_nav.go:93.3,94.13 2 0
github.com/dba-cli/dba/internal/cli/computer_nav.go:101.54,103.17 2 0
github.com/dba-cli/dba/internal/cli/computer_nav.go:103.17,105.4 1 0
github.com/dba-cli/dba/internal/cli/computer_nav.go:106.3,108.48 2 0
github.com/dba-cli/dba/internal/cli/computer_nav.go:108.48,110.4 1 0
github.com/dba-cli/dba/internal/cli/computer_nav.go:112.3,113.17 2 0
github.com/dba-cli/dba/internal/cli/computer_nav.go:113.17,115.4 1 0
github.com/dba-cli/dba/internal/cli/computer_nav.go:117.3,117.52 1 0
github.com/dba-cli/dba/internal/cli/computer_nav.go:117.52,119.4 1 0
github.com/dba-cli/dba/internal/cli/computer_nav.go:121.3,122.13 2 0
github.com/dba-cli/dba/internal/cli/computer_nav.go:126.13,131.2 4 1
github.com/dba-cli/dba/internal/cli/computer_vm.go:31.54,33.17 2 0
github.com/dba-cli/dba/internal/cli/computer_vm.go:33.17,35.4 1 0
github.com/dba-cli/dba/internal/cli/computer_vm.go:36.3,38.48 2 0
github.com/dba-cli/dba/internal/cli/computer_vm.go:38.48,40.4 1 0
github.com/dba-cli/dba/internal/cli/computer_vm.go:42.3,45.26 2 0
github.com/dba-cli/dba/internal/cli/computer_vm.go:45.26,49.4 3 0
github.com/dba-cli/dba/internal/cli/computer_vm.go:52.3,53.23 2 0
github.com/dba-cli/dba/internal/cli/computer_vm.go:53.23,56.26 2 0
github.com/dba-cli/dba/internal/cli/computer_vm.go:56.26,58.21 2 0
github.com/dba-cli/dba/internal/cli/computer_vm.go:58.21,60.6 1 0
github.com/dba-cli/dba/internal/cli/computer_vm.go:61.5,61.26 1 0
github.com/dba-cli/dba/internal/cli/computer_vm.go:66.3,71.17 2 0
github.com/dba-cli/dba/internal/cli/computer_vm.go:71.17,73.4 1 0
github.com/dba-cli/dba/internal/cli/computer_vm.go:76.3,78.17 3 0
github.com/dba-cli/dba/internal/cli/computer_vm.go:78.17,80.4 1 0
github.com/dba-cli/dba/internal/cli/computer_vm.go:83.3,84.40 2 0
github.com/dba-cli/dba/internal/cli/computer_vm.go:84.40,86.4 1 0
github.com/dba-cli/dba/internal/cli/computer_vm.go:88.3,91.13 3 0
github.com/dba-cli/dba/internal/cli/computer_vm.go:102.54,104.17 2 0
github.com/dba-cli/dba/internal/cli/computer_vm.go:104.17,106.4 1 0
github.com/dba-cli/dba/internal/cli/computer_vm.go:107.3,109.48 2 0
github.com/dba-cli/dba/internal/cli/computer_vm.go:109.48,111.4 1 0
github.com/dba-cli/dba/internal/cli/computer_vm.go:113.3,115.27 2 0
github.com/dba-cli/dba/internal/cli/computer_vm.go:115.27,118.4 2 0
github.com/dba-cli/dba/internal/cli/computer_vm.go:121.3,127.17 3 0
github.com/dba-cli/dba/internal/cli/computer_vm.go:127.17,129.4 1 0
github.com/dba-cli/dba/internal/cli/computer_vm.go:132.3,138.21 2 0
github.com/dba-cli/dba/internal/cli/computer_vm.go:138.21,141.18 3 0
github.com/dba-cli/dba/internal/cli/computer_vm.go:141.18,143.5 1 0
github.com/dba-cli/dba/internal/cli/computer_vm.go:144.4,145.51 2 0
github.com/dba-cli/dba/internal/cli/computer_vm.go:149.3,150.66 2 0
github.com/dba-cli/dba/internal/cli/computer_vm.go:150.66,152.4 1 0
github.com/dba-cli/dba/internal/cli/computer_vm.go:154.3,155.40 2 0
github.com/dba-cli/dba/internal/cli/computer_vm.go:155.40,157.4 1 0
github.com/dba-cli/dba/internal/cli/computer_vm.go:159.3,160.13 2 0
github.com/dba-cli/dba/internal/cli/computer_vm.go:171.54,173.17 2 0
github.com/dba-cli/dba/internal/cli/computer_vm.go:173.17,175.4 1 0
github.com/dba-cli/dba/internal/cli/computer_vm.go:176.3,178.48 2 0
github.com/dba-cli/dba/internal/cli/computer_vm.go:178.48,180.4 1 0
github.com/dba-cli/dba/internal/cli/computer_vm.go:182.3,185.17 3 0
github.com/dba-cli/dba/internal/cli/computer_vm.go:185.17,187.4 1 0
github.com/dba-cli/dba/internal/cli/computer_vm.go:189.3,190.13 2 0
github.com/dba-cli/dba/internal/cli/computer_vm.go:201.54,203.17 2 0
github.com/dba-cli/dba/internal/cli/computer_vm.go:203.17,205.4 1 0
github.com/dba-cli/dba/internal/cli/computer_vm.go:206.3,208.48 2 0
github.com/dba-cli/dba/internal/cli/computer_vm.go:208.48,210.4 1 0
github.com/dba-cli/dba/internal/cli/computer_vm.go:212.3,214.27 2 0
github.com/dba-cli/dba/internal/cli/computer_vm.go:214.27,216.4 1 0
github.com/dba-cli/dba/internal/cli/computer_vm.go:218.3,219.17 2 0
github.com/dba-cli/dba/internal/cli/computer_vm.go:219.17,221.4 1 0
github.com/dba-cli/dba/internal/cli/computer_vm.go:223.3,227.17 2 0
github.com/dba-cli/dba/internal/cli/computer_vm.go:227.17,229.4 1 0
github.com/dba-cli/dba/internal/cli/computer_vm.go:232.3,239.17 4 0
github.com/dba-cli/dba/internal/cli/computer_vm.go:239.17,241.4 1 0
github.com/dba-cli/dba/internal/cli/computer_vm.go:243.3,244.40 2 0
github.com/dba-cli/dba/internal/cli/computer_vm.go:244.40,246.4 1 0
github.com/dba-cli/dba/internal/cli/computer_vm.go:248.3,251.13 4 0
github.com/dba-cli/dba/internal/cli/computer_vm.go:260.54,262.17 2 0
github.com/dba-cli/dba/internal/cli/computer_vm.go:262.17,264.4 1 0
github.com/dba-cli/dba/internal/cli/computer_vm.go:265.3,267.48 2 0
github.com/dba-cli/dba/internal/cli/computer_vm.go:267.48,269.4 1 0
github.com/dba-cli/dba/internal/cli/computer_vm.go:271.3,273.27 2 0
github.com/dba-cli/dba/internal/cli/computer_vm.go:273.27,275.4 1 0
github.com/dba-cli/dba/internal/cli/computer_vm.go:277.3,277.28 1 0
github.com/dba-cli/dba/internal/cli/computer_vm.go:277.28,279.4 1 0
github.com/dba-cli/dba/internal/cli/computer_vm.go:281.3,282.38 2 0
github.com/dba-cli/dba/internal/cli/computer_vm.go:291.4,309.24 3 0
github.com/dba-cli/dba/internal/cli/computer_vm.go:313.4,315.25 1 0
github.com/dba-cli/dba/internal/cli/computer_vm.go:315.25,318.21 3 0
github.com/dba-cli/dba/internal/cli/computer_vm.go:318.21,320.36 2 0
github.com/dba-cli/dba/internal/cli/computer_vm.go:320.36,322.6 1 0
github.com/dba-cli/dba/internal/cli/computer_vm.go:323.5,323.35 1 0
github.com/dba-cli/dba/internal/cli/computer_vm.go:323.35,325.6 1 0
github.com/dba-cli/dba/internal/cli/computer_vm.go:326.5,326.35 1 0
github.com/dba-cli/dba/internal/cli/computer_vm.go:326.35,328.6 1 0
github.com/dba-cli/dba/internal/cli/computer_vm.go:330.9,332.4 1 0
github.com/dba-cli/dba/internal/cli/computer_vm.go:336.36,338.22 2 0
github.com/dba-cli/dba/internal/cli/computer_vm.go:339.16,340.34 1 0
github.com/dba-cli/dba/internal/cli/computer_vm.go:341.15,342.38 1 0
github.com/dba-cli/dba/internal/cli/computer_vm.go:343.17,344.69 1 0
github.com/dba-cli/dba/internal/cli/computer_vm.go:345.10,346.44 1 0
github.com/dba-cli/dba/internal/cli/computer_vm.go:348.2,348.20 1 0
github.com/dba-cli/dba/internal/cli/computer_vm.go:351.13,371.2 11 1
github.com/dba-cli/dba/internal/cli/computer_wait.go:26.54,28.17 2 0
github.com/dba-cli/dba/internal/cli/computer_wait.go:28.17,30.4 1 0
github.com/dba-cli/dba/internal/cli/computer_wait.go:31.3,33.48 2 0
github.com/dba-cli/dba/internal/cli/computer_wait.go:33.48,35.4 1 0
github.com/dba-cli/dba/internal/cli/computer_wait.go:37.3,38.17 2 0
github.com/dba-cli/dba/internal/cli/computer_wait.go:38.17,40.4 1 0
github.com/dba-cli/dba/internal/cli/computer_wait.go:42.3,48.17 5 0
github.com/dba-cli/dba/internal/cli/computer_wait.go:48.17,49.73 1 0
github.com/dba-cli/dba/internal/cli/computer_wait.go:49.73,51.5 1 0
github.com/dba-cli/dba/internal/cli/computer_wait.go:52.4,53.14 2 0
github.com/dba-cli/dba/internal/cli/computer_wait.go:57.3,57.16 1 0
github.com/dba-cli/dba/internal/cli/computer_wait.go:57.16,58.71 1 0
github.com/dba-cli/dba/internal/cli/computer_wait.go:58.71,60.5 1 0
github.com/dba-cli/dba/internal/cli/computer_wait.go:61.4,62.14 2 0
github.com/dba-cli/dba/internal/cli/computer_wait.go:66.3,66.13 1 0
github.com/dba-cli/dba/internal/cli/computer_wait.go:66.13,67.57 1 0
github.com/dba-cli/dba/internal/cli/computer_wait.go:67.57,69.5 1 0
github.com/dba-cli/dba/internal/cli/computer_wait.go:70.4,71.14 2 0
github.com/dba-cli/dba/internal/cli/computer_wait.go:75.3,75.20 1 0
github.com/dba-cli/dba/internal/cli/computer_wait.go:75.20,78.52 2 0
github.com/dba-cli/dba/internal/cli/computer_wait.go:78.52,79.57 1 0
github.com/dba-cli/dba/internal/cli/computer_wait.go:79.57,81.6 1 0
github.com/dba-cli/dba/internal/cli/computer_wait.go:82.5,83.15 2 0
github.com/dba-cli/dba/internal/cli/computer_wait.go:87.4,87.100 1 0
github.com/dba-cli/dba/internal/cli/computer_wait.go:87.100,89.5 1 0
github.com/dba-cli/dba/internal/cli/computer_wait.go:90.4,91.14 2 0
github.com/dba-cli/dba/internal/cli/computer_wait.go:94.3,94.66 1 0
github.com/dba-cli/dba/internal/cli/computer_wait.go:98.13,105.2 5 1
github.com/dba-cli/dba/internal/cli/context.go:21.43,24.31 2 1
github.com/dba-cli/dba/internal/cli/context.go:24.31,27.3 1 1
github.com/dba-cli/dba/internal/cli/context.go:29.2,38.25 3 1
github.com/dba-cli/dba/internal/cli/context.go:38.25,40.17 2 1
github.com/dba-cli/dba/internal/cli/context.go:40.17,43.4 2 1
github.com/dba-cli/dba/internal/cli/context.go:44.3,44.24 1 1
github.com/dba-cli/dba/internal/cli/context.go:45.8,49.3 2 1
github.com/dba-cli/dba/internal/cli/context.go:51.2,51.20 1 1
github.com/dba-cli/dba/internal/cli/context.go:55.47,56.24 1 1
github.com/dba-cli/dba/internal/cli/context.go:56.24,58.3 1 1
github.com/dba-cli/dba/internal/cli/context.go:59.2,59.12 1 1
github.com/dba-cli/dba/internal/cli/context.go:63.33,65.2 1 1
github.com/dba-cli/dba/internal/cli/context.go:68.26,70.2 1 1
github.com/dba-cli/dba/internal/cli/context.go:73.23,75.2 1 1
github.com/dba-cli/dba/internal/cli/context.go:78.32,80.2 1 1
github.com/dba-cli/dba/internal/cli/daemon.go:34.54,37.17 2 0
github.com/dba-cli/dba/internal/cli/daemon.go:37.17,40.18 2 0
github.com/dba-cli/dba/internal/cli/daemon.go:40.18,42.5 1 0
github.com/dba-cli/dba/internal/cli/daemon.go:43.4,43.20 1 0
github.com/dba-cli/dba/internal/cli/daemon.go:47.3,48.25 2 0
github.com/dba-cli/dba/internal/cli/daemon.go:48.25,54.48 2 0
github.com/dba-cli/dba/internal/cli/daemon.go:54.48,56.5 1 0
github.com/dba-cli/dba/internal/cli/daemon.go:58.4,58.31 1 0
github.com/dba-cli/dba/internal/cli/daemon.go:62.3,62.55 1 0
github.com/dba-cli/dba/internal/cli/daemon.go:62.55,64.4 1 0
github.com/dba-cli/dba/internal/cli/daemon.go:67.3,75.30 3 0
github.com/dba-cli/dba/internal/cli/daemon.go:83.54,86.15 2 0
github.com/dba-cli/dba/internal/cli/daemon.go:86.15,91.4 1 0
github.com/dba-cli/dba/internal/cli/daemon.go:93.3,93.48 1 0
github.com/dba-cli/dba/internal/cli/daemon.go:93.48,95.4 1 0
github.com/dba-cli/dba/internal/cli/daemon.go:97.3,102.30 2 0
github.com/dba-cli/dba/internal/cli/daemon.go:110.54,115.17 3 0
github.com/dba-cli/dba/internal/cli/daemon.go:115.17,121.4 1 0
github.com/dba-cli/dba/internal/cli/daemon.go:124.3,132.30 2 0
github.com/dba-cli/dba/internal/cli/daemon.go:140.54,142.35 1 0
github.com/dba-cli/dba/internal/cli/daemon.go:142.35,143.49 1 0
github.com/dba-cli/dba/internal/cli/daemon.go:143.49,146.5 1 0
github.com/dba-cli/dba/internal/cli/daemon.go:150.3,150.55 1 0
github.com/dba-cli/dba/internal/cli/daemon.go:150.55,152.4 1 0
github.com/dba-cli/dba/internal/cli/daemon.go:154.3,162.30 3 0
github.com/dba-cli/dba/internal/cli/daemon.go:170.54,177.53 4 0
github.com/dba-cli/dba/internal/cli/daemon.go:177.53,179.4 1 0
github.com/dba-cli/dba/internal/cli/daemon.go:181.3,181.15 1 0
github.com/dba-cli/dba/internal/cli/daemon.go:181.15,184.18 2 0
github.com/dba-cli/dba/internal/cli/daemon.go:184.18,186.5 1 0
github.com/dba-cli/dba/internal/cli/daemon.go:188.4,191.6 1 0
github.com/dba-cli/dba/internal/cli/daemon.go:195.3,196.15 2 0
github.com/dba-cli/dba/internal/cli/daemon.go:196.15,198.4 1 0
github.com/dba-cli/dba/internal/cli/daemon.go:199.3,199.13 1 0
github.com/dba-cli/dba/internal/cli/daemon.go:199.13,201.4 1 0
github.com/dba-cli/dba/internal/cli/daemon.go:202.3,207.17 4 0
github.com/dba-cli/dba/internal/cli/daemon.go:207.17,209.4 1 0
github.com/dba-cli/dba/internal/cli/daemon.go:212.3,213.36 2 0
github.com/dba-cli/dba/internal/cli/daemon.go:213.36,215.4 1 0
github.com/dba-cli/dba/internal/cli/daemon.go:217.3,217.30 1 0
github.com/dba-cli/dba/internal/cli/daemon.go:217.30,219.4 1 0
github.com/dba-cli/dba/internal/cli/daemon.go:221.3,221.13 1 0
github.com/dba-cli/dba/internal/cli/daemon.go:226.36,229.30 3 0
github.com/dba-cli/dba/internal/cli/daemon.go:229.30,230.19 1 0
github.com/dba-cli/dba/internal/cli/daemon.go:230.19,233.4 2 0
github.com/dba-cli/dba/internal/cli/daemon.go:235.2,235.20 1 0
github.com/dba-cli/dba/internal/cli/daemon.go:235.20,237.3 1 0
github.com/dba-cli/dba/internal/cli/daemon.go:238.2,238.14 1 0
github.com/dba-cli/dba/internal/cli/daemon.go:241.13,258.2 9 1
github.com/dba-cli/dba/internal/cli/devbox.go:68.54,70.47 1 0
github.com/dba-cli/dba/internal/cli/devbox.go:70.47,73.4 2 0
github.com/dba-cli/dba/internal/cli/devbox.go:75.3,76.17 2 0
github.com/dba-cli/dba/internal/cli/devbox.go:76.17,79.4 2 0
github.com/dba-cli/dba/internal/cli/devbox.go:80.3,82.48 2 0
github.com/dba-cli/dba/internal/cli/devbox.go:82.48,85.4 2 0
github.com/dba-cli/dba/internal/cli/devbox.go:87.3,92.17 5 0
github.com/dba-cli/dba/internal/cli/devbox.go:92.17,95.4 2 0
github.com/dba-cli/dba/internal/cli/devbox.go:97.3,97.15 1 0
github.com/dba-cli/dba/internal/cli/devbox.go:97.15,104.4 1 0
github.com/dba-cli/dba/internal/cli/devbox.go:106.3,106.21 1 0
github.com/dba-cli/dba/internal/cli/devbox.go:106.21,108.23 2 0
github.com/dba-cli/dba/internal/cli/devbox.go:108.23,110.5 1 0
github.com/dba-cli/dba/internal/cli/devbox.go:110.10,110.39 1 0
github.com/dba-cli/dba/internal/cli/devbox.go:110.39,112.5 1 0
github.com/dba-cli/dba/internal/cli/devbox.go:115.3,115.13 1 0
github.com/dba-cli/dba/internal/cli/devbox.go:130.54,131.47 1 0
github.com/dba-cli/dba/internal/cli/devbox.go:131.47,134.4 2 0
github.com/dba-cli/dba/internal/cli/devbox.go:136.3,137.17 2 0
github.com/dba-cli/dba/internal/cli/devbox.go:137.17,140.4 2 0
github.com/dba-cli/dba/internal/cli/devbox.go:141.3,143.48 2 0
github.com/dba-cli/dba/internal/cli/devbox.go:143.48,146.4 2 0
github.com/dba-cli/dba/internal/cli/devbox.go:148.3,149.57 2 0
github.com/dba-cli/dba/internal/cli/devbox.go:149.57,152.4 2 0
github.com/dba-cli/dba/internal/cli/devbox.go:154.3,154.15 1 0
github.com/dba-cli/dba/internal/cli/devbox.go:154.15,159.4 1 0
github.com/dba-cli/dba/internal/cli/devbox.go:161.3,162.13 2 0
github.com/dba-cli/dba/internal/cli/devbox.go:177.54,178.47 1 0
github.com/dba-cli/dba/internal/cli/devbox.go:178.47,181.4 2 0
github.com/dba-cli/dba/internal/cli/devbox.go:183.3,184.17 2 0
github.com/dba-cli/dba/internal/cli/devbox.go:184.17,187.4 2 0
github.com/dba-cli/dba/internal/cli/devbox.go:188.3,196.17 5 0
github.com/dba-cli/dba/internal/cli/devbox.go:196.17,199.4 2 0
github.com/dba-cli/dba/internal/cli/devbox.go:201.3,201.15 1 0
github.com/dba-cli/dba/internal/cli/devbox.go:201.15,207.4 1 0
github.com/dba-cli/dba/internal/cli/devbox.go:209.3,209.25 1 0
github.com/dba-cli/dba/internal/cli/devbox.go:209.25,212.4 2 0
github.com/dba-cli/dba/internal/cli/devbox.go:214.3,215.32 2 0
github.com/dba-cli/dba/internal/cli/devbox.go:215.32,216.25 1 0
github.com/dba-cli/dba/internal/cli/devbox.go:216.25,218.5 1 0
github.com/dba-cli/dba/internal/cli/devbox.go:218.10,220.5 1 0
github.com/dba-cli/dba/internal/cli/devbox.go:221.4,221.29 1 0
github.com/dba-cli/dba/internal/cli/devbox.go:221.29,223.5 1 0
github.com/dba-cli/dba/internal/cli/devbox.go:226.3,226.13 1 0
github.com/dba-cli/dba/internal/cli/devbox.go:242.54,243.47 1 0
github.com/dba-cli/dba/internal/cli/devbox.go:243.47,246.4 2 0
github.com/dba-cli/dba/internal/cli/devbox.go:248.3,249.17 2 0
github.com/dba-cli/dba/internal/cli/devbox.go:249.17,252.4 2 0
github.com/dba-cli/dba/internal/cli/devbox.go:253.3,255.48 2 0
github.com/dba-cli/dba/internal/cli/devbox.go:255.48,258.4 2 0
github.com/dba-cli/dba/internal/cli/devbox.go:260.3,262.17 3 0
github.com/dba-cli/dba/internal/cli/devbox.go:262.17,265.4 2 0
github.com/dba-cli/dba/internal/cli/devbox.go:267.3,267.15 1 0
github.com/dba-cli/dba/internal/cli/devbox.go:267.15,275.4 1 0
github.com/dba-cli/dba/internal/cli/devbox.go:277.3,278.28 2 0
github.com/dba-cli/dba/internal/cli/devbox.go:278.28,280.4 1 0
github.com/dba-cli/dba/internal/cli/devbox.go:281.3,281.30 1 0
github.com/dba-cli/dba/internal/cli/devbox.go:281.30,283.4 1 0
github.com/dba-cli/dba/internal/cli/devbox.go:284.3,284.22 1 0
github.com/dba-cli/dba/internal/cli/devbox.go:284.22,286.4 1 0
github.com/dba-cli/dba/internal/cli/devbox.go:287.3,289.13 2 0
github.com/dba-cli/dba/internal/cli/devbox.go:303.54,304.47 1 0
github.com/dba-cli/dba/internal/cli/devbox.go:304.47,307.4 2 0
github.com/dba-cli/dba/internal/cli/devbox.go:309.3,310.17 2 0
github.com/dba-cli/dba/internal/cli/devbox.go:310.17,313.4 2 0
github.com/dba-cli/dba/internal/cli/devbox.go:314.3,316.48 2 0
github.com/dba-cli/dba/internal/cli/devbox.go:316.48,319.4 2 0
github.com/dba-cli/dba/internal/cli/devbox.go:321.3,323.17 3 0
github.com/dba-cli/dba/internal/cli/devbox.go:323.17,326.4 2 0
github.com/dba-cli/dba/internal/cli/devbox.go:328.3,328.15 1 0
github.com/dba-cli/dba/internal/cli/devbox.go:328.15,333.4 1 0
github.com/dba-cli/dba/internal/cli/devbox.go:335.3,335.25 1 0
github.com/dba-cli/dba/internal/cli/devbox.go:335.25,338.4 2 0
github.com/dba-cli/dba/internal/cli/devbox.go:340.3,341.32 2 0
github.com/dba-cli/dba/internal/cli/devbox.go:341.32,343.4 1 0
github.com/dba-cli/dba/internal/cli/devbox.go:345.3,345.13 1 0
github.com/dba-cli/dba/internal/cli/devbox.go:362.54,363.47 1 0
github.com/dba-cli/dba/internal/cli/devbox.go:363.47,366.4 2 0
github.com/dba-cli/dba/internal/cli/devbox.go:368.3,369.17 2 0
github.com/dba-cli/dba/internal/cli/devbox.go:369.17,372.4 2 0
github.com/dba-cli/dba/internal/cli/devbox.go:373.3,375.48 2 0
github.com/dba-cli/dba/internal/cli/devbox.go:375.48,378.4 2 0
github.com/dba-cli/dba/internal/cli/devbox.go:380.3,382.20 2 0
github.com/dba-cli/dba/internal/cli/devbox.go:382.20,384.58 1 0
github.com/dba-cli/dba/internal/cli/devbox.go:384.58,387.5 2 0
github.com/dba-cli/dba/internal/cli/devbox.go:389.4,389.16 1 0
github.com/dba-cli/dba/internal/cli/devbox.go:389.16,394.5 1 0
github.com/dba-cli/dba/internal/cli/devbox.go:396.4,396.48 1 0
github.com/dba-cli/dba/internal/cli/devbox.go:397.9,400.18 2 0
github.com/dba-cli/dba/internal/cli/devbox.go:400.18,403.5 2 0
github.com/dba-cli/dba/internal/cli/devbox.go:405.4,405.16 1 0
github.com/dba-cli/dba/internal/cli/devbox.go:405.16,413.5 1 0
github.com/dba-cli/dba/internal/cli/devbox.go:415.4,415.39 1 0
github.com/dba-cli/dba/internal/cli/devbox.go:418.3,418.13 1 0
github.com/dba-cli/dba/internal/cli/devbox.go:433.54,434.47 1 0
github.com/dba-cli/dba/internal/cli/devbox.go:434.47,437.4 2 0
github.com/dba-cli/dba/internal/cli/devbox.go:439.3,440.17 2 0
github.com/dba-cli/dba/internal/cli/devbox.go:440.17,443.4 2 0
github.com/dba-cli/dba/internal/cli/devbox.go:444.3,446.48 2 0
github.com/dba-cli/dba/internal/cli/devbox.go:446.48,449.4 2 0
github.com/dba-cli/dba/internal/cli/devbox.go:451.3,452.47 2 0
github.com/dba-cli/dba/internal/cli/devbox.go:452.47,455.4 2 0
github.com/dba-cli/dba/internal/cli/devbox.go:457.3,457.15 1 0
github.com/dba-cli/dba/internal/cli/devbox.go:457.15,462.4 1 0
github.com/dba-cli/dba/internal/cli/devbox.go:464.3,465.13 2 0
github.com/dba-cli/dba/internal/cli/devbox.go:469.13,484.2 9 1
github.com/dba-cli/dba/internal/cli/devbox.go:487.49,490.33 3 0
github.com/dba-cli/dba/internal/cli/devbox.go:490.33,491.24 1 0
github.com/dba-cli/dba/internal/cli/devbox.go:491.24,493.4 1 0
github.com/dba-cli/dba/internal/cli/devbox.go:493.9,495.4 1 0
github.com/dba-cli/dba/internal/cli/devbox.go:497.2,497.20 1 0
github.com/dba-cli/dba/internal/cli/devbox.go:500.47,503.33 3 0
github.com/dba-cli/dba/internal/cli/devbox.go:503.33,505.3 1 0
github.com/dba-cli/dba/internal/cli/devbox.go:506.2,506.20 1 0
github.com/dba-cli/dba/internal/cli/fs.go:43.54,45.17 2 0
github.com/dba-cli/dba/internal/cli/fs.go:45.17,47.4 1 0
github.com/dba-cli/dba/internal/cli/fs.go:48.3,50.48 2 0
github.com/dba-cli/dba/internal/cli/fs.go:50.48,52.4 1 0
github.com/dba-cli/dba/internal/cli/fs.go:54.3,63.17 5 0
github.com/dba-cli/dba/internal/cli/fs.go:63.17,65.4 1 0
github.com/dba-cli/dba/internal/cli/fs.go:67.3,67.30 1 0
github.com/dba-cli/dba/internal/cli/fs.go:85.54,87.17 2 0
github.com/dba-cli/dba/internal/cli/fs.go:87.17,89.4 1 0
github.com/dba-cli/dba/internal/cli/fs.go:90.3,92.48 2 0
github.com/dba-cli/dba/internal/cli/fs.go:92.48,94.4 1 0
github.com/dba-cli/dba/internal/cli/fs.go:96.3,102.20 5 0
github.com/dba-cli/dba/internal/cli/fs.go:102.20,104.18 2 0
github.com/dba-cli/dba/internal/cli/fs.go:104.18,106.5 1 0
github.com/dba-cli/dba/internal/cli/fs.go:107.4,107.26 1 0
github.com/dba-cli/dba/internal/cli/fs.go:110.3,116.17 2 0
github.com/dba-cli/dba/internal/cli/fs.go:116.17,118.4 1 0
github.com/dba-cli/dba/internal/cli/fs.go:120.3,120.30 1 0
github.com/dba-cli/dba/internal/cli/fs.go:139.54,141.17 2 0
github.com/dba-cli/dba/internal/cli/fs.go:141.17,143.4 1 0
github.com/dba-cli/dba/internal/cli/fs.go:144.3,146.48 2 0
github.com/dba-cli/dba/internal/cli/fs.go:146.48,148.4 1 0
github.com/dba-cli/dba/internal/cli/fs.go:150.3,151.20 2 0
github.com/dba-cli/dba/internal/cli/fs.go:151.20,153.4 1 0
github.com/dba-cli/dba/internal/cli/fs.go:155.3,167.17 6 0
github.com/dba-cli/dba/internal/cli/fs.go:167.17,169.4 1 0
github.com/dba-cli/dba/internal/cli/fs.go:171.3,171.30 1 0
github.com/dba-cli/dba/internal/cli/fs.go:189.54,191.17 2 0
github.com/dba-cli/dba/internal/cli/fs.go:191.17,193.4 1 0
github.com/dba-cli/dba/internal/cli/fs.go:194.3,196.48 2 0
github.com/dba-cli/dba/internal/cli/fs.go:196.48,198.4 1 0
github.com/dba-cli/dba/internal/cli/fs.go:200.3,217.17 9 0
github.com/dba-cli/dba/internal/cli/fs.go:217.17,219.4 1 0
github.com/dba-cli/dba/internal/cli/fs.go:221.3,221.30 1 0
github.com/dba-cli/dba/internal/cli/fs.go:238.54,240.17 2 0
github.com/dba-cli/dba/internal/cli/fs.go:240.17,242.4 1 0
github.com/dba-cli/dba/internal/cli/fs.go:243.3,245.48 2 0
github.com/dba-cli/dba/internal/cli/fs.go:245.48,247.4 1 0
github.com/dba-cli/dba/internal/cli/fs.go:249.3,252.17 3 0
github.com/dba-cli/dba/internal/cli/fs.go:252.17,254.4 1 0
github.com/dba-cli/dba/internal/cli/fs.go:256.3,256.30 1 0
github.com/dba-cli/dba/internal/cli/fs.go:273.54,275.17 2 0
github.com/dba-cli/dba/internal/cli/fs.go:275.17,277.4 1 0
github.com/dba-cli/dba/internal/cli/fs.go:278.3,280.48 2 0
github.com/dba-cli/dba/internal/cli/fs.go:280.48,282.4 1 0
github.com/dba-cli/dba/internal/cli/fs.go:284.3,285.17 2 0
github.com/dba-cli/dba/internal/cli/fs.go:285.17,287.4 1 0
github.com/dba-cli/dba/internal/cli/fs.go:289.3,289.30 1 0
github.com/dba-cli/dba/internal/cli/fs.go:306.54,308.17 2 0
github.com/dba-cli/dba/internal/cli/fs.go:308.17,310.4 1 0
github.com/dba-cli/dba/internal/cli/fs.go:311.3,313.48 2 0
github.com/dba-cli/dba/internal/cli/fs.go:313.48,315.4 1 0
github.com/dba-cli/dba/internal/cli/fs.go:317.3,322.17 4 0
github.com/dba-cli/dba/internal/cli/fs.go:322.17,323.13 1 0
github.com/dba-cli/dba/internal/cli/fs.go:323.13,329.5 1 0
github.com/dba-cli/dba/internal/cli/fs.go:330.4,330.14 1 0
github.com/dba-cli/dba/internal/cli/fs.go:333.3,333.30 1 0
github.com/dba-cli/dba/internal/cli/fs.go:350.54,352.17 2 0
github.com/dba-cli/dba/internal/cli/fs.go:352.17,354.4 1 0
github.com/dba-cli/dba/internal/cli/fs.go:355.3,357.48 2 0
github.com/dba-cli/dba/internal/cli/fs.go:357.48,359.4 1 0
github.com/dba-cli/dba/internal/cli/fs.go:361.3,364.17 3 0
github.com/dba-cli/dba/internal/cli/fs.go:364.17,366.4 1 0
github.com/dba-cli/dba/internal/cli/fs.go:368.3,368.30 1 0
github.com/dba-cli/dba/internal/cli/fs.go:372.13,421.2 31 1
github.com/dba-cli/dba/internal/cli/output.go:31.37,33.2 1 1
github.com/dba-cli/dba/internal/cli/output.go:36.38,38.2 1 1
github.com/dba-cli/dba/internal/cli/output.go:41.43,42.14 1 1
github.com/dba-cli/dba/internal/cli/output.go:42.14,44.3 1 1
github.com/dba-cli/dba/internal/cli/output.go:45.2,45.25 1 1
github.com/dba-cli/dba/internal/cli/output.go:49.41,53.2 3 1
github.com/dba-cli/dba/internal/cli/output.go:57.41,58.58 1 1
github.com/dba-cli/dba/internal/cli/output.go:58.58,61.3 2 1
github.com/dba-cli/dba/internal/cli/output.go:63.2,63.25 1 1
github.com/dba-cli/dba/internal/cli/output.go:68.29,69.16 1 1
github.com/dba-cli/dba/internal/cli/output.go:69.16,71.3 1 1
github.com/dba-cli/dba/internal/cli/output.go:74.2,74.70 1 1
github.com/dba-cli/dba/internal/cli/output.go:74.70,76.3 1 1
github.com/dba-cli/dba/internal/cli/output.go:77.2,79.14 2 1
github.com/dba-cli/dba/internal/cli/output.go:79.14,86.3 1 1
github.com/dba-cli/dba/internal/cli/output.go:86.8,88.3 1 1
github.com/dba-cli/dba/internal/cli/output.go:92.25,94.2 1 1
github.com/dba-cli/dba/internal/cli/output.go:97.33,98.16 1 1
github.com/dba-cli/dba/internal/cli/output.go:98.16,100.3 1 1
github.com/dba-cli/dba/internal/cli/output.go:103.2,104.31 2 1
github.com/dba-cli/dba/internal/cli/output.go:104.31,106.3 1 1
github.com/dba-cli/dba/internal/cli/output.go:109.2,116.48 2 1
github.com/dba-cli/dba/internal/cli/output.go:116.48,118.3 1 1
github.com/dba-cli/dba/internal/cli/output.go:120.2,120.22 1 1
github.com/dba-cli/dba/internal/cli/output.go:151.41,153.2 1 1
github.com/dba-cli/dba/internal/cli/output.go:156.42,158.2 1 1
github.com/dba-cli/dba/internal/cli/output.go:160.37,163.31 2 1
github.com/dba-cli/dba/internal/cli/output.go:163.31,165.3 1 1
github.com/dba-cli/dba/internal/cli/output.go:168.2,169.28 2 1
github.com/dba-cli/dba/internal/cli/output.go:169.28,171.3 1 1
github.com/dba-cli/dba/internal/cli/output.go:174.2,178.47 2 1
github.com/dba-cli/dba/internal/cli/output.go:178.47,180.3 1 1
github.com/dba-cli/dba/internal/cli/output.go:184.2,188.55 1 1
github.com/dba-cli/dba/internal/cli/output.go:188.55,190.3 1 0
github.com/dba-cli/dba/internal/cli/output.go:193.2,196.50 1 1
github.com/dba-cli/dba/internal/cli/output.go:196.50,198.3 1 0
github.com/dba-cli/dba/internal/cli/output.go:201.2,202.46 1 1
github.com/dba-cli/dba/internal/cli/output.go:202.46,204.3 1 0
github.com/dba-cli/dba/internal/cli/output.go:208.2,210.157 1 1
github.com/dba-cli/dba/internal/cli/output.go:210.157,212.3 1 1
github.com/dba-cli/dba/internal/cli/output.go:213.2,213.41 1 1
github.com/dba-cli/dba/internal/cli/output.go:213.41,215.3 1 1
github.com/dba-cli/dba/internal/cli/output.go:216.2,216.82 1 1
github.com/dba-cli/dba/internal/cli/output.go:216.82,218.3 1 1
github.com/dba-cli/dba/internal/cli/output.go:220.2,220.24 1 1
github.com/dba-cli/dba/internal/cli/port.go:25.54,27.17 2 0
github.com/dba-cli/dba/internal/cli/port.go:27.17,30.4 2 0
github.com/dba-cli/dba/internal/cli/port.go:31.3,34.17 3 0
github.com/dba-cli/dba/internal/cli/port.go:34.17,37.4 2 0
github.com/dba-cli/dba/internal/cli/port.go:39.3,41.14 2 0
github.com/dba-cli/dba/internal/cli/port.go:41.14,43.4 1 0
github.com/dba-cli/dba/internal/cli/port.go:46.3,46.48 1 0
github.com/dba-cli/dba/internal/cli/port.go:46.48,49.4 2 0
github.com/dba-cli/dba/internal/cli/port.go:51.3,51.57 1 0
github.com/dba-cli/dba/internal/cli/port.go:70.51,73.28 3 1
github.com/dba-cli/dba/internal/cli/port.go:73.28,75.14 2 1
github.com/dba-cli/dba/internal/cli/port.go:75.14,77.4 1 1
github.com/dba-cli/dba/internal/cli/port.go:78.3,78.75 1 1
github.com/dba-cli/dba/internal/cli/port.go:80.2,80.20 1 1
github.com/dba-cli/dba/internal/cli/port.go:83.78,85.16 2 0
github.com/dba-cli/dba/internal/cli/port.go:85.16,88.3 2 0
github.com/dba-cli/dba/internal/cli/port.go:90.2,95.35 2 0
github.com/dba-cli/dba/internal/cli/port.go:95.35,102.17 2 0
github.com/dba-cli/dba/internal/cli/port.go:102.17,103.60 1 0
github.com/dba-cli/dba/internal/cli/port.go:103.60,105.5 1 0
github.com/dba-cli/dba/internal/cli/port.go:108.3,108.44 1 0
github.com/dba-cli/dba/internal/cli/port.go:111.2,111.29 1 0
github.com/dba-cli/dba/internal/cli/port.go:120.45,121.29 1 1
github.com/dba-cli/dba/internal/cli/port.go:121.29,123.3 1 1
github.com/dba-cli/dba/internal/cli/port.go:125.2,129.38 4 1
github.com/dba-cli/dba/internal/cli/port.go:129.38,130.44 1 1
github.com/dba-cli/dba/internal/cli/port.go:130.44,133.4 2 1
github.com/dba-cli/dba/internal/cli/port.go:134.3,134.68 1 1
github.com/dba-cli/dba/internal/cli/port.go:136.2,136.20 1 1
github.com/dba-cli/dba/internal/cli/port.go:139.52,141.16 2 0
github.com/dba-cli/dba/internal/cli/port.go:141.16,144.3 2 0
github.com/dba-cli/dba/internal/cli/port.go:146.2,150.29 2 0
github.com/dba-cli/dba/internal/cli/port.go:158.54,160.17 2 0
github.com/dba-cli/dba/internal/cli/port.go:160.17,163.4 2 0
github.com/dba-cli/dba/internal/cli/port.go:164.3,166.48 2 0
github.com/dba-cli/dba/internal/cli/port.go:166.48,169.4 2 0
github.com/dba-cli/dba/internal/cli/port.go:171.3,174.17 3 0
github.com/dba-cli/dba/internal/cli/port.go:174.17,177.4 2 0
github.com/dba-cli/dba/internal/cli/port.go:179.3,180.17 2 0
github.com/dba-cli/dba/internal/cli/port.go:180.17,183.4 2 0
github.com/dba-cli/dba/internal/cli/port.go:186.3,188.56 3 0
github.com/dba-cli/dba/internal/cli/port.go:188.56,189.86 1 0
github.com/dba-cli/dba/internal/cli/port.go:189.86,191.5 1 0
github.com/dba-cli/dba/internal/cli/port.go:194.3,200.30 2 0
github.com/dba-cli/dba/internal/cli/port.go:212.46,214.2 1 1
github.com/dba-cli/dba/internal/cli/port.go:221.54,223.17 2 0
github.com/dba-cli/dba/internal/cli/port.go:223.17,226.4 2 0
github.com/dba-cli/dba/internal/cli/port.go:227.3,229.48 2 0
github.com/dba-cli/dba/internal/cli/port.go:229.48,232.4 2 0
github.com/dba-cli/dba/internal/cli/port.go:234.3,237.17 3 0
github.com/dba-cli/dba/internal/cli/port.go:237.17,240.4 2 0
github.com/dba-cli/dba/internal/cli/port.go:243.3,244.17 2 0
github.com/dba-cli/dba/internal/cli/port.go:244.17,247.4 2 0
github.com/dba-cli/dba/internal/cli/port.go:249.3,250.10 2 0
github.com/dba-cli/dba/internal/cli/port.go:250.10,254.4 3 0
github.com/dba-cli/dba/internal/cli/port.go:256.3,256.64 1 0
github.com/dba-cli/dba/internal/cli/port.go:256.64,259.4 2 0
github.com/dba-cli/dba/internal/cli/port.go:262.3,264.56 3 0
github.com/dba-cli/dba/internal/cli/port.go:264.56,265.77 1 0
github.com/dba-cli/dba/internal/cli/port.go:265.77,267.5 1 0
github.com/dba-cli/dba/internal/cli/port.go:270.3,277.30 2 0
github.com/dba-cli/dba/internal/cli/port.go:290.45,292.2 1 1
github.com/dba-cli/dba/internal/cli/port.go:299.54,301.17 2 0
github.com/dba-cli/dba/internal/cli/port.go:301.17,305.4 3 0
github.com/dba-cli/dba/internal/cli/port.go:307.3,314.17 3 0
github.com/dba-cli/dba/internal/cli/port.go:314.17,316.4 1 0
github.com/dba-cli/dba/internal/cli/port.go:318.3,318.30 1 0
github.com/dba-cli/dba/internal/cli/port.go:330.46,331.17 1 1
github.com/dba-cli/dba/internal/cli/port.go:331.17,333.3 1 1
github.com/dba-cli/dba/internal/cli/port.go:334.2,334.21 1 1
github.com/dba-cli/dba/internal/cli/port.go:334.21,336.3 1 0
github.com/dba-cli/dba/internal/cli/port.go:337.2,337.49 1 1
github.com/dba-cli/dba/internal/cli/port.go:340.13,350.2 6 1
github.com/dba-cli/dba/internal/cli/root.go:30.67,34.17 3 0
github.com/dba-cli/dba/internal/cli/root.go:34.17,36.4 1 0
github.com/dba-cli/dba/internal/cli/root.go:39.3,39.42 1 0
github.com/dba-cli/dba/internal/cli/root.go:39.42,42.36 1 0
github.com/dba-cli/dba/internal/cli/root.go:42.36,44.5 1 0
github.com/dba-cli/dba/internal/cli/root.go:47.3,47.13 1 0
github.com/dba-cli/dba/internal/cli/root.go:54.13,76.2 5 1
github.com/dba-cli/dba/internal/cli/root.go:79.22,81.2 1 0
github.com/dba-cli/dba/internal/cli/root.go:84.37,86.2 1 1
github.com/dba-cli/dba/internal/cli/root.go:89.34,91.2 1 1
github.com/dba-cli/dba/internal/cli/root.go:94.34,96.16 2 0
github.com/dba-cli/dba/internal/cli/root.go:96.16,98.3 1 0
github.com/dba-cli/dba/internal/cli/root.go:99.2,99.45 1 0
github.com/dba-cli/dba/internal/cli/run.go:49.54,51.47 1 0
github.com/dba-cli/dba/internal/cli/run.go:51.47,54.4 2 0
github.com/dba-cli/dba/internal/cli/run.go:56.3,57.17 2 0
github.com/dba-cli/dba/internal/cli/run.go:57.17,60.4 2 0
github.com/dba-cli/dba/internal/cli/run.go:61.3,63.48 2 0
github.com/dba-cli/dba/internal/cli/run.go:63.48,66.4 2 0
github.com/dba-cli/dba/internal/cli/run.go:68.3,74.30 5 0
github.com/dba-cli/dba/internal/cli/run.go:74.30,76.23 2 0
github.com/dba-cli/dba/internal/cli/run.go:76.23,78.5 1 0
github.com/dba-cli/dba/internal/cli/run.go:82.3,89.17 4 0
github.com/dba-cli/dba/internal/cli/run.go:89.17,92.4 2 0
github.com/dba-cli/dba/internal/cli/run.go:94.3,94.15 1 0
github.com/dba-cli/dba/internal/cli/run.go:94.15,103.4 1 0
github.com/dba-cli/dba/internal/cli/run.go:106.3,107.26 2 0
github.com/dba-cli/dba/internal/cli/run.go:107.26,109.4 1 0
github.com/dba-cli/dba/internal/cli/run.go:112.3,112.27 1 0
github.com/dba-cli/dba/internal/cli/run.go:112.27,114.4 1 0
github.com/dba-cli/dba/internal/cli/run.go:116.3,116.13 1 0
github.com/dba-cli/dba/internal/cli/run.go:142.54,144.47 1 0
github.com/dba-cli/dba/internal/cli/run.go:144.47,147.4 2 0
github.com/dba-cli/dba/internal/cli/run.go:149.3,150.17 2 0
github.com/dba-cli/dba/internal/cli/run.go:150.17,153.4 2 0
github.com/dba-cli/dba/internal/cli/run.go:154.3,156.48 2 0
github.com/dba-cli/dba/internal/cli/run.go:156.48,159.4 2 0
github.com/dba-cli/dba/internal/cli/run.go:162.3,163.20 2 0
github.com/dba-cli/dba/internal/cli/run.go:163.20,165.4 1 0
github.com/dba-cli/dba/internal/cli/run.go:167.3,173.23 5 0
github.com/dba-cli/dba/internal/cli/run.go:173.23,175.4 1 0
github.com/dba-cli/dba/internal/cli/run.go:175.9,177.4 1 0
github.com/dba-cli/dba/internal/cli/run.go:180.3,185.17 4 0
github.com/dba-cli/dba/internal/cli/run.go:185.17,188.4 2 0
github.com/dba-cli/dba/internal/cli/run.go:190.3,190.15 1 0
github.com/dba-cli/dba/internal/cli/run.go:190.15,199.4 1 0
github.com/dba-cli/dba/internal/cli/run.go:202.3,202.18 1 0
github.com/dba-cli/dba/internal/cli/run.go:202.18,204.4 1 0
github.com/dba-cli/dba/internal/cli/run.go:205.3,206.26 2 0
github.com/dba-cli/dba/internal/cli/run.go:206.26,208.4 1 0
github.com/dba-cli/dba/internal/cli/run.go:211.3,211.27 1 0
github.com/dba-cli/dba/internal/cli/run.go:211.27,213.4 1 0
github.com/dba-cli/dba/internal/cli/run.go:215.3,215.13 1 0
github.com/dba-cli/dba/internal/cli/run.go:231.54,233.47 1 0
github.com/dba-cli/dba/internal/cli/run.go:233.47,236.4 2 0
github.com/dba-cli/dba/internal/cli/run.go:238.3,239.17 2 0
github.com/dba-cli/dba/internal/cli/run.go:239.17,242.4 2 0
github.com/dba-cli/dba/internal/cli/run.go:243.3,245.48 2 0
github.com/dba-cli/dba/internal/cli/run.go:245.48,248.4 2 0
github.com/dba-cli/dba/internal/cli/run.go:250.3,253.38 3 0
github.com/dba-cli/dba/internal/cli/run.go:257.13,276.2 11 1
github.com/dba-cli/dba/internal/cli/service.go:22.54,24.17 2 0
github.com/dba-cli/dba/internal/cli/service.go:24.17,26.4 1 0
github.com/dba-cli/dba/internal/cli/service.go:27.3,29.48 2 0
github.com/dba-cli/dba/internal/cli/service.go:29.48,31.4 1 0
github.com/dba-cli/dba/internal/cli/service.go:33.3,36.19 4 0
github.com/dba-cli/dba/internal/cli/service.go:36.19,38.4 1 0
github.com/dba-cli/dba/internal/cli/service.go:40.3,42.17 3 0
github.com/dba-cli/dba/internal/cli/service.go:42.17,44.4 1 0
github.com/dba-cli/dba/internal/cli/service.go:46.3,46.30 1 0
github.com/dba-cli/dba/internal/cli/service.go:58.54,60.17 2 0
github.com/dba-cli/dba/internal/cli/service.go:60.17,62.4 1 0
github.com/dba-cli/dba/internal/cli/service.go:63.3,65.48 2 0
github.com/dba-cli/dba/internal/cli/service.go:65.48,67.4 1 0
github.com/dba-cli/dba/internal/cli/service.go:69.3,73.62 4 0
github.com/dba-cli/dba/internal/cli/service.go:73.62,75.4 1 0
github.com/dba-cli/dba/internal/cli/service.go:78.3,81.21 2 0
github.com/dba-cli/dba/internal/cli/service.go:81.21,83.4 1 0
github.com/dba-cli/dba/internal/cli/service.go:85.3,85.30 1 0
github.com/dba-cli/dba/internal/cli/service.go:97.54,99.17 2 0
github.com/dba-cli/dba/internal/cli/service.go:99.17,101.4 1 0
github.com/dba-cli/dba/internal/cli/service.go:102.3,104.48 2 0
github.com/dba-cli/dba/internal/cli/service.go:104.48,106.4 1 0
github.com/dba-cli/dba/internal/cli/service.go:108.3,112.17 4 0
github.com/dba-cli/dba/internal/cli/service.go:112.17,114.4 1 0
github.com/dba-cli/dba/internal/cli/service.go:116.3,120.30 2 0
github.com/dba-cli/dba/internal/cli/service.go:133.54,135.17 2 0
github.com/dba-cli/dba/internal/cli/service.go:135.17,137.4 1 0
github.com/dba-cli/dba/internal/cli/service.go:138.3,140.48 2 0
github.com/dba-cli/dba/internal/cli/service.go:140.48,142.4 1 0
github.com/dba-cli/dba/internal/cli/service.go:144.3,145.20 2 0
github.com/dba-cli/dba/internal/cli/service.go:145.20,147.4 1 0
github.com/dba-cli/dba/internal/cli/service.go:149.3,155.13 5 0
github.com/dba-cli/dba/internal/cli/service.go:155.13,158.4 1 0
github.com/dba-cli/dba/internal/cli/service.go:160.3,165.17 2 0
github.com/dba-cli/dba/internal/cli/service.go:165.17,167.4 1 0
github.com/dba-cli/dba/internal/cli/service.go:169.3,169.15 1 0
github.com/dba-cli/dba/internal/cli/service.go:169.15,175.4 2 0
github.com/dba-cli/dba/internal/cli/service.go:178.3,178.33 1 0
github.com/dba-cli/dba/internal/cli/service.go:178.33,179.27 1 0
github.com/dba-cli/dba/internal/cli/service.go:179.27,181.5 1 0
github.com/dba-cli/dba/internal/cli/service.go:181.10,183.5 1 0
github.com/dba-cli/dba/internal/cli/service.go:186.3,186.13 1 0
github.com/dba-cli/dba/internal/cli/service.go:198.54,200.17 2 0
github.com/dba-cli/dba/internal/cli/service.go:200.17,202.4 1 0
github.com/dba-cli/dba/internal/cli/service.go:203.3,205.48 2 0
github.com/dba-cli/dba/internal/cli/service.go:205.48,207.4 1 0
github.com/dba-cli/dba/internal/cli/service.go:209.3,212.62 3 0
github.com/dba-cli/dba/internal/cli/service.go:212.62,214.4 1 0
github.com/dba-cli/dba/internal/cli/service.go:217.3,220.21 2 0
github.com/dba-cli/dba/internal/cli/service.go:220.21,222.4 1 0
github.com/dba-cli/dba/internal/cli/service.go:224.3,224.30 1 0
github.com/dba-cli/dba/internal/cli/service.go:247.54,249.17 2 0
github.com/dba-cli/dba/internal/cli/service.go:249.17,251.4 1 0
github.com/dba-cli/dba/internal/cli/service.go:252.3,254.48 2 0
github.com/dba-cli/dba/internal/cli/service.go:254.48,256.4 1 0
github.com/dba-cli/dba/internal/cli/service.go:258.3,269.21 10 0
github.com/dba-cli/dba/internal/cli/service.go:269.21,272.4 1 0
github.com/dba-cli/dba/internal/cli/service.go:272.9,273.21 1 0
github.com/dba-cli/dba/internal/cli/service.go:273.21,275.5 1 0
github.com/dba-cli/dba/internal/cli/service.go:276.4,284.46 2 0
github.com/dba-cli/dba/internal/cli/service.go:287.3,287.17 1 0
github.com/dba-cli/dba/internal/cli/service.go:287.17,289.4 1 0
github.com/dba-cli/dba/internal/cli/service.go:291.3,291.30 1 0
github.com/dba-cli/dba/internal/cli/service.go:304.54,306.17 2 0
github.com/dba-cli/dba/internal/cli/service.go:306.17,308.4 1 0
github.com/dba-cli/dba/internal/cli/service.go:309.3,311.48 2 0
github.com/dba-cli/dba/internal/cli/service.go:311.48,313.4 1 0
github.com/dba-cli/dba/internal/cli/service.go:315.3,318.55 3 0
github.com/dba-cli/dba/internal/cli/service.go:318.55,320.4 1 0
github.com/dba-cli/dba/internal/cli/service.go:322.3,327.30 2 0
github.com/dba-cli/dba/internal/cli/service.go:339.54,356.37 4 0
github.com/dba-cli/dba/internal/cli/service.go:356.37,364.4 1 0
github.com/dba-cli/dba/internal/cli/service.go:366.3,366.30 1 0
github.com/dba-cli/dba/internal/cli/service.go:378.54,380.17 2 0
github.com/dba-cli/dba/internal/cli/service.go:380.17,382.4 1 0
github.com/dba-cli/dba/internal/cli/service.go:383.3,385.48 2 0
github.com/dba-cli/dba/internal/cli/service.go:385.48,387.4 1 0
github.com/dba-cli/dba/internal/cli/service.go:389.3,391.17 3 0
github.com/dba-cli/dba/internal/cli/service.go:391.17,393.4 1 0
github.com/dba-cli/dba/internal/cli/service.go:395.3,399.30 2 0
github.com/dba-cli/dba/internal/cli/service.go:411.54,413.17 2 0
github.com/dba-cli/dba/internal/cli/service.go:413.17,415.4 1 0
github.com/dba-cli/dba/internal/cli/service.go:416.3,418.48 2 0
github.com/dba-cli/dba/internal/cli/service.go:418.48,420.4 1 0
github.com/dba-cli/dba/internal/cli/service.go:422.3,426.17 4 0
github.com/dba-cli/dba/internal/cli/service.go:426.17,428.4 1 0
github.com/dba-cli/dba/internal/cli/service.go:430.3,434.30 2 0
github.com/dba-cli/dba/internal/cli/service.go:438.13,482.2 26 1
github.com/dba-cli/dba/internal/cli/version.go:27.38,31.2 3 1
github.com/dba-cli/dba/internal/cli/version.go:34.26,36.2 1 1
github.com/dba-cli/dba/internal/cli/version.go:47.42,50.2 1 1
github.com/dba-cli/dba/internal/cli/version.go:61.49,62.19 1 1
github.com/dba-cli/dba/internal/cli/version.go:62.19,64.3 1 1
github.com/dba-cli/dba/internal/cli/version.go:65.2,65.19 1 1
github.com/dba-cli/dba/internal/cli/version.go:65.19,68.3 1 1
github.com/dba-cli/dba/internal/cli/version.go:69.2,69.98 1 1
github.com/dba-cli/dba/internal/cli/version.go:78.47,79.23 1 0
github.com/dba-cli/dba/internal/cli/version.go:79.23,82.4 2 0
github.com/dba-cli/dba/internal/cli/version.go:84.3,92.21 2 0
github.com/dba-cli/dba/internal/cli/version.go:96.13,99.2 1 1
github.com/dba-cli/dba/internal/cli/version.go:102.24,108.22 2 0
github.com/dba-cli/dba/internal/cli/version.go:108.22,112.3 3 0
github.com/dba-cli/dba/internal/cli/version.go:115.2,120.16 3 0
github.com/dba-cli/dba/internal/cli/version.go:120.16,124.3 3 0
github.com/dba-cli/dba/internal/cli/version.go:125.2,127.38 2 0
github.com/dba-cli/dba/internal/cli/version.go:127.38,131.3 3 0
github.com/dba-cli/dba/internal/cli/version.go:133.2,139.68 2 0
github.com/dba-cli/dba/internal/cli/version.go:139.68,143.3 3 0
github.com/dba-cli/dba/internal/cli/version.go:146.2,147.55 2 0
github.com/dba-cli/dba/internal/cli/version.go:147.55,149.3 1 0
github.com/dba-cli/dba/internal/cli/version.go:151.2,155.22 4 0
github.com/dba-cli/dba/internal/cli/workspace.go:29.54,31.20 2 0
github.com/dba-cli/dba/internal/cli/workspace.go:31.20,33.4 1 0
github.com/dba-cli/dba/internal/cli/workspace.go:35.3,50.21 8 0
github.com/dba-cli/dba/internal/cli/workspace.go:50.21,52.4 1 0
github.com/dba-cli/dba/internal/cli/workspace.go:53.3,53.18 1 0
github.com/dba-cli/dba/internal/cli/workspace.go:53.18,55.4 1 0
github.com/dba-cli/dba/internal/cli/workspace.go:57.3,58.17 2 0
github.com/dba-cli/dba/internal/cli/workspace.go:58.17,60.4 1 0
github.com/dba-cli/dba/internal/cli/workspace.go:62.3,76.20 2 0
github.com/dba-cli/dba/internal/cli/workspace.go:76.20,78.4 1 0
github.com/dba-cli/dba/internal/cli/workspace.go:80.3,80.30 1 0
github.com/dba-cli/dba/internal/cli/workspace.go:98.54,100.17 2 0
github.com/dba-cli/dba/internal/cli/workspace.go:100.17,102.4 1 0
github.com/dba-cli/dba/internal/cli/workspace.go:104.3,114.21 6 0
github.com/dba-cli/dba/internal/cli/workspace.go:114.21,116.4 1 0
github.com/dba-cli/dba/internal/cli/workspace.go:117.3,117.18 1 0
github.com/dba-cli/dba/internal/cli/workspace.go:117.18,119.4 1 0
github.com/dba-cli/dba/internal/cli/workspace.go:121.3,122.17 2 0
github.com/dba-cli/dba/internal/cli/workspace.go:122.17,124.4 1 0
github.com/dba-cli/dba/internal/cli/workspace.go:126.3,139.20 2 0
github.com/dba-cli/dba/internal/cli/workspace.go:139.20,141.4 1 0
github.com/dba-cli/dba/internal/cli/workspace.go:143.3,143.30 1 0
github.com/dba-cli/dba/internal/cli/workspace.go:159.54,165.17 3 0
github.com/dba-cli/dba/internal/cli/workspace.go:165.17,167.4 1 0
github.com/dba-cli/dba/internal/cli/workspace.go:170.3,187.33 3 0
github.com/dba-cli/dba/internal/cli/workspace.go:187.33,198.4 1 0
github.com/dba-cli/dba/internal/cli/workspace.go:200.3,200.30 1 0
github.com/dba-cli/dba/internal/cli/workspace.go:216.54,218.17 2 0
github.com/dba-cli/dba/internal/cli/workspace.go:218.17,220.4 1 0
github.com/dba-cli/dba/internal/cli/workspace.go:221.3,223.48 2 0
github.com/dba-cli/dba/internal/cli/workspace.go:223.48,225.4 1 0
github.com/dba-cli/dba/internal/cli/workspace.go:227.3,237.39 4 0
github.com/dba-cli/dba/internal/cli/workspace.go:237.39,240.18 3 0
github.com/dba-cli/dba/internal/cli/workspace.go:240.18,241.61 1 0
github.com/dba-cli/dba/internal/cli/workspace.go:241.61,243.6 1 0
github.com/dba-cli/dba/internal/cli/workspace.go:245.4,245.25 1 0
github.com/dba-cli/dba/internal/cli/workspace.go:248.3,262.20 2 0
github.com/dba-cli/dba/internal/cli/workspace.go:262.20,264.4 1 0
github.com/dba-cli/dba/internal/cli/workspace.go:266.3,266.30 1 0
github.com/dba-cli/dba/internal/cli/workspace.go:284.54,292.20 5 0
github.com/dba-cli/dba/internal/cli/workspace.go:292.20,294.18 2 0
github.com/dba-cli/dba/internal/cli/workspace.go:294.18,296.5 1 0
github.com/dba-cli/dba/internal/cli/workspace.go:297.9,299.21 2 0
github.com/dba-cli/dba/internal/cli/workspace.go:299.21,301.5 1 0
github.com/dba-cli/dba/internal/cli/workspace.go:302.4,303.49 2 0
github.com/dba-cli/dba/internal/cli/workspace.go:303.49,305.5 1 0
github.com/dba-cli/dba/internal/cli/workspace.go:306.4,306.22 1 0
github.com/dba-cli/dba/internal/cli/workspace.go:310.3,310.26 1 0
github.com/dba-cli/dba/internal/cli/workspace.go:310.26,314.40 4 0
github.com/dba-cli/dba/internal/cli/workspace.go:314.40,316.5 1 0
github.com/dba-cli/dba/internal/cli/workspace.go:320.3,321.30 2 0
github.com/dba-cli/dba/internal/cli/workspace.go:321.30,323.4 1 0
github.com/dba-cli/dba/internal/cli/workspace.go:326.3,328.18 1 0
github.com/dba-cli/dba/internal/cli/workspace.go:328.18,330.4 1 0
github.com/dba-cli/dba/internal/cli/workspace.go:332.3,337.17 2 0
github.com/dba-cli/dba/internal/cli/workspace.go:337.17,339.4 1 0
github.com/dba-cli/dba/internal/cli/workspace.go:341.3,341.30 1 0
github.com/dba-cli/dba/internal/cli/workspace.go:362.54,367.34 3 0
github.com/dba-cli/dba/internal/cli/workspace.go:367.34,369.4 1 0
github.com/dba-cli/dba/internal/cli/workspace.go:372.3,373.17 2 0
github.com/dba-cli/dba/internal/cli/workspace.go:373.17,375.4 1 0
github.com/dba-cli/dba/internal/cli/workspace.go:377.3,382.17 3 0
github.com/dba-cli/dba/internal/cli/workspace.go:382.17,384.4 1 0
github.com/dba-cli/dba/internal/cli/workspace.go:386.3,400.30 2 0
github.com/dba-cli/dba/internal/cli/workspace.go:404.13,436.2 20 1
github.com/dba-cli/dba/internal/db/db.go:22.29,23.17 1 0
github.com/dba-cli/dba/internal/db/db.go:23.17,25.3 1 0
github.com/dba-cli/dba/internal/db/db.go:26.2,26.26 1 0
github.com/dba-cli/dba/internal/db/db.go:31.50,33.64 1 1
github.com/dba-cli/dba/internal/db/db.go:33.64,35.3 1 0
github.com/dba-cli/dba/internal/db/db.go:37.2,38.16 2 1
github.com/dba-cli/dba/internal/db/db.go:38.16,40.3 1 0
github.com/dba-cli/dba/internal/db/db.go:43.2,43.36 1 1
github.com/dba-cli/dba/internal/db/db.go:43.36,46.3 2 0
github.com/dba-cli/dba/internal/db/db.go:48.2,48.16 1 1
github.com/dba-cli/dba/internal/db/db.go:51.32,55.64 2 0
github.com/dba-cli/dba/internal/db/db.go:55.64,57.3 1 0
github.com/dba-cli/dba/internal/db/db.go:59.2,60.16 2 0
github.com/dba-cli/dba/internal/db/db.go:60.16,62.3 1 0
github.com/dba-cli/dba/internal/db/db.go:65.2,65.34 1 0
github.com/dba-cli/dba/internal/db/db.go:65.34,68.3 2 0
github.com/dba-cli/dba/internal/db/db.go:71.2,71.36 1 0
github.com/dba-cli/dba/internal/db/db.go:71.36,74.3 2 0
github.com/dba-cli/dba/internal/db/db.go:76.2,76.16 1 0
github.com/dba-cli/dba/internal/db/db.go:80.20,81.21 1 0
github.com/dba-cli/dba/internal/db/db.go:81.21,83.3 1 0
github.com/dba-cli/dba/internal/db/db.go:84.2,84.12 1 0
github.com/dba-cli/dba/internal/db/db.go:89.24,90.21 1 0
github.com/dba-cli/dba/internal/db/db.go:90.21,93.3 2 0
github.com/dba-cli/dba/internal/db/db.go:94.2,95.15 2 0
github.com/dba-cli/dba/internal/db/migrations.go:9.32,16.16 3 1
github.com/dba-cli/dba/internal/db/migrations.go:16.16,18.3 1 0
github.com/dba-cli/dba/internal/db/migrations.go:20.2,21.21 2 1
github.com/dba-cli/dba/internal/db/migrations.go:21.21,23.41 2 1
github.com/dba-cli/dba/internal/db/migrations.go:23.41,25.4 1 0
github.com/dba-cli/dba/internal/db/migrations.go:28.2,28.36 1 1
github.com/dba-cli/dba/internal/db/migrations.go:28.36,30.52 1 1
github.com/dba-cli/dba/internal/db/migrations.go:30.52,32.4 1 0
github.com/dba-cli/dba/internal/db/migrations.go:35.3,38.17 2 1
github.com/dba-cli/dba/internal/db/migrations.go:38.17,40.4 1 0
github.com/dba-cli/dba/internal/db/migrations.go:50.2,50.12 1 1
github.com/dba-cli/dba/internal/db/migrations.go:55.60,59.2 1 0
github.com/dba-cli/dba/internal/db/migrations.go:62.48,68.16 3 1
github.com/dba-cli/dba/internal/db/migrations.go:68.16,70.3 1 0
github.com/dba-cli/dba/internal/db/migrations.go:72.2,72.22 1 1
github.com/dba-cli/dba/internal/db/migrations.go:72.22,74.3 1 1
github.com/dba-cli/dba/internal/db/migrations.go:76.2,78.26 3 1
github.com/dba-cli/dba/internal/db/migrations.go:78.26,80.3 1 0
github.com/dba-cli/dba/internal/db/migrations.go:81.2,81.21 1 1
github.com/dba-cli/dba/internal/db/schema.go:8.28,73.2 1 1
github.com/dba-cli/dba/internal/db/workspace.go:10.77,12.16 2 0
github.com/dba-cli/dba/internal/db/workspace.go:12.16,14.3 1 0
github.com/dba-cli/dba/internal/db/workspace.go:16.2,21.12 2 0
github.com/dba-cli/dba/internal/db/workspace.go:26.70,28.16 2 0
github.com/dba-cli/dba/internal/db/workspace.go:28.16,30.3 1 0
github.com/dba-cli/dba/internal/db/workspace.go:33.2,38.12 2 0
github.com/dba-cli/dba/internal/db/workspace.go:43.43,45.16 2 0
github.com/dba-cli/dba/internal/db/workspace.go:45.16,47.3 1 0
github.com/dba-cli/dba/internal/db/workspace.go:49.2,50.12 2 0
github.com/dba-cli/dba/internal/db/workspace.go:54.61,56.16 2 0
github.com/dba-cli/dba/internal/db/workspace.go:56.16,58.3 1 0
github.com/dba-cli/dba/internal/db/workspace.go:60.2,61.12 2 0
github.com/dba-cli/dba/internal/db/workspace.go:65.53,67.16 2 0
github.com/dba-cli/dba/internal/db/workspace.go:67.16,69.3 1 0
github.com/dba-cli/dba/internal/db/workspace.go:71.2,74.12 2 0
github.com/dba-cli/dba/internal/db/workspace.go:78.49,80.16 2 0
github.com/dba-cli/dba/internal/db/workspace.go:80.16,82.3 1 0
github.com/dba-cli/dba/internal/db/workspace.go:84.2,87.12 2 0
github.com/dba-cli/dba/internal/db/workspace.go:91.56,93.16 2 0
github.com/dba-cli/dba/internal/db/workspace.go:93.16,95.3 1 0
github.com/dba-cli/dba/internal/db/workspace.go:97.2,103.16 3 0
github.com/dba-cli/dba/internal/db/workspace.go:103.16,105.3 1 0
github.com/dba-cli/dba/internal/db/workspace.go:107.2,107.17 1 0
github.com/dba-cli/dba/internal/db/workspace.go:111.64,113.16 2 0
github.com/dba-cli/dba/internal/db/workspace.go:113.16,115.3 1 0
github.com/dba-cli/dba/internal/db/workspace.go:117.2,123.16 3 0
github.com/dba-cli/dba/internal/db/workspace.go:123.16,125.3 1 0
github.com/dba-cli/dba/internal/db/workspace.go:127.2,127.17 1 0
github.com/dba-cli/dba/internal/db/workspace.go:131.50,133.16 2 0
github.com/dba-cli/dba/internal/db/workspace.go:133.16,135.3 1 0
github.com/dba-cli/dba/internal/db/workspace.go:137.2,141.16 2 0
github.com/dba-cli/dba/internal/db/workspace.go:141.16,143.3 1 0
github.com/dba-cli/dba/internal/db/workspace.go:144.2,147.18 3 0
github.com/dba-cli/dba/internal/db/workspace.go:147.18,149.146 2 0
github.com/dba-cli/dba/internal/db/workspace.go:149.146,151.4 1 0
github.com/dba-cli/dba/internal/db/workspace.go:152.3,152.38 1 0
github.com/dba-cli/dba/internal/db/workspace.go:155.2,155.31 1 0
github.com/dba-cli/dba/internal/workspace/create.go:33.73,38.20 2 1
github.com/dba-cli/dba/internal/workspace/create.go:38.20,40.3 1 1
github.com/dba-cli/dba/internal/workspace/create.go:41.2,44.21 2 1
github.com/dba-cli/dba/internal/workspace/create.go:44.21,46.3 1 0
github.com/dba-cli/dba/internal/workspace/create.go:47.2,47.25 1 1
github.com/dba-cli/dba/internal/workspace/create.go:47.25,49.3 1 0
github.com/dba-cli/dba/internal/workspace/create.go:50.2,50.30 1 1
github.com/dba-cli/dba/internal/workspace/create.go:50.30,52.3 1 1
github.com/dba-cli/dba/internal/workspace/create.go:53.2,53.23 1 1
github.com/dba-cli/dba/internal/workspace/create.go:53.23,55.3 1 1
github.com/dba-cli/dba/internal/workspace/create.go:58.2,58.84 1 1
github.com/dba-cli/dba/internal/workspace/create.go:58.84,60.3 1 0
github.com/dba-cli/dba/internal/workspace/create.go:63.2,64.16 2 1
github.com/dba-cli/dba/internal/workspace/create.go:64.16,67.3 2 0
github.com/dba-cli/dba/internal/workspace/create.go:69.2,70.16 2 1
github.com/dba-cli/dba/internal/workspace/create.go:70.16,73.3 2 0
github.com/dba-cli/dba/internal/workspace/create.go:76.2,76.57 1 1
github.com/dba-cli/dba/internal/workspace/create.go:76.57,80.3 3 0
github.com/dba-cli/dba/internal/workspace/create.go:83.2,84.22 2 1
github.com/dba-cli/dba/internal/workspace/create.go:84.22,86.17 2 0
github.com/dba-cli/dba/internal/workspace/create.go:86.17,91.4 4 0
github.com/dba-cli/dba/internal/workspace/create.go:94.3,94.31 1 0
github.com/dba-cli/dba/internal/workspace/create.go:94.31,96.4 1 0
github.com/dba-cli/dba/internal/workspace/create.go:100.2,116.54 2 1
github.com/dba-cli/dba/internal/workspace/create.go:116.54,121.3 4 0
github.com/dba-cli/dba/internal/workspace/create.go:124.2,124.56 1 1
github.com/dba-cli/dba/internal/workspace/create.go:124.56,129.3 4 0
github.com/dba-cli/dba/internal/workspace/create.go:132.2,132.91 1 1
github.com/dba-cli/dba/internal/workspace/create.go:132.91,137.3 4 0
github.com/dba-cli/dba/internal/workspace/create.go:140.2,140.39 1 1
github.com/dba-cli/dba/internal/workspace/create.go:140.39,145.3 4 0
github.com/dba-cli/dba/internal/workspace/create.go:148.2,151.57 2 1
github.com/dba-cli/dba/internal/workspace/create.go:151.57,153.3 1 1
github.com/dba-cli/dba/internal/workspace/create.go:155.2,155.16 1 1
github.com/dba-cli/dba/internal/workspace/create.go:158.26,162.2 3 1
github.com/dba-cli/dba/internal/workspace/create.go:164.52,172.27 2 1
github.com/dba-cli/dba/internal/workspace/create.go:172.27,173.48 1 1
github.com/dba-cli/dba/internal/workspace/create.go:173.48,175.4 1 0
github.com/dba-cli/dba/internal/workspace/create.go:179.2,182.12 3 1
github.com/dba-cli/dba/internal/workspace/create.go:185.62,196.53 6 0
github.com/dba-cli/dba/internal/workspace/create.go:196.53,198.3 1 0
github.com/dba-cli/dba/internal/workspace/create.go:201.2,209.8 4 0
github.com/dba-cli/dba/internal/workspace/create.go:212.41,218.2 4 1
github.com/dba-cli/dba/internal/workspace/create.go:220.45,223.26 2 1
github.com/dba-cli/dba/internal/workspace/create.go:223.26,224.14 1 1
github.com/dba-cli/dba/internal/workspace/create.go:224.14,226.4 1 1
github.com/dba-cli/dba/internal/workspace/create.go:228.2,228.12 1 1
github.com/dba-cli/dba/internal/workspace/create.go:231.68,234.16 2 1
github.com/dba-cli/dba/internal/workspace/create.go:234.16,236.3 1 0
github.com/dba-cli/dba/internal/workspace/create.go:239.2,243.26 3 1
github.com/dba-cli/dba/internal/workspace/create.go:243.26,245.3 1 1
github.com/dba-cli/dba/internal/workspace/create.go:248.2,258.38 4 1
github.com/dba-cli/dba/internal/workspace/create.go:258.38,260.3 1 1
github.com/dba-cli/dba/internal/workspace/create.go:261.2,266.29 4 1
github.com/dba-cli/dba/internal/workspace/create.go:266.29,268.3 1 1
github.com/dba-cli/dba/internal/workspace/create.go:270.2,287.16 4 1
github.com/dba-cli/dba/internal/workspace/create.go:287.16,289.3 1 0
github.com/dba-cli/dba/internal/workspace/create.go:291.2,291.50 1 1
github.com/dba-cli/dba/internal/workspace/create.go:294.70,296.16 2 1
github.com/dba-cli/dba/internal/workspace/create.go:296.16,298.3 1 0
github.com/dba-cli/dba/internal/workspace/create.go:301.2,301.81 1 1
github.com/dba-cli/dba/internal/workspace/create.go:313.81,315.22 1 1
github.com/dba-cli/dba/internal/workspace/create.go:315.22,317.3 1 1
github.com/dba-cli/dba/internal/workspace/create.go:320.2,323.21 2 1
github.com/dba-cli/dba/internal/workspace/create.go:323.21,325.3 1 0
github.com/dba-cli/dba/internal/workspace/create.go:326.2,326.25 1 1
github.com/dba-cli/dba/internal/workspace/create.go:326.25,328.3 1 1
github.com/dba-cli/dba/internal/workspace/create.go:329.2,329.30 1 1
github.com/dba-cli/dba/internal/workspace/create.go:329.30,331.3 1 1
github.com/dba-cli/dba/internal/workspace/create.go:334.2,334.81 1 1
github.com/dba-cli/dba/internal/workspace/create.go:334.81,336.3 1 0
github.com/dba-cli/dba/internal/workspace/create.go:339.2,340.16 2 1
github.com/dba-cli/dba/internal/workspace/create.go:340.16,343.3 2 0
github.com/dba-cli/dba/internal/workspace/create.go:345.2,346.16 2 1
github.com/dba-cli/dba/internal/workspace/create.go:346.16,349.3 2 0
github.com/dba-cli/dba/internal/workspace/create.go:352.2,353.50 2 1
github.com/dba-cli/dba/internal/workspace/create.go:353.50,357.3 3 0
github.com/dba-cli/dba/internal/workspace/create.go:359.2,359.73 1 1
github.com/dba-cli/dba/internal/workspace/create.go:359.73,363.3 3 0
github.com/dba-cli/dba/internal/workspace/create.go:366.2,391.55 7 1
github.com/dba-cli/dba/internal/workspace/create.go:391.55,392.55 1 1
github.com/dba-cli/dba/internal/workspace/create.go:392.55,397.4 4 0
github.com/dba-cli/dba/internal/workspace/create.go:401.2,402.51 2 1
github.com/dba-cli/dba/internal/workspace/create.go:402.51,403.57 1 1
github.com/dba-cli/dba/internal/workspace/create.go:403.57,408.4 4 0
github.com/dba-cli/dba/internal/workspace/create.go:412.2,412.84 1 1
github.com/dba-cli/dba/internal/workspace/create.go:412.84,417.3 4 0
github.com/dba-cli/dba/internal/workspace/create.go:420.2,420.39 1 1
github.com/dba-cli/dba/internal/workspace/create.go:420.39,425.3 4 0
github.com/dba-cli/dba/internal/workspace/create.go:428.2,431.57 2 1
github.com/dba-cli/dba/internal/workspace/create.go:431.57,433.3 1 1
github.com/dba-cli/dba/internal/workspace/create.go:435.2,435.16 1 1
github.com/dba-cli/dba/internal/workspace/create.go:438.42,442.34 3 1
github.com/dba-cli/dba/internal/workspace/create.go:442.34,444.3 1 1
github.com/dba-cli/dba/internal/workspace/create.go:446.2,451.45 4 0
github.com/dba-cli/dba/internal/workspace/create.go:451.45,453.3 1 0
github.com/dba-cli/dba/internal/workspace/create.go:456.2,458.45 3 0
github.com/dba-cli/dba/internal/workspace/create.go:458.45,460.3 1 0
github.com/dba-cli/dba/internal/workspace/create.go:463.2,465.45 3 0
github.com/dba-cli/dba/internal/workspace/create.go:465.45,467.3 1 0
github.com/dba-cli/dba/internal/workspace/create.go:469.2,469.13 1 0
github.com/dba-cli/dba/internal/workspace/create.go:474.67,476.16 2 1
github.com/dba-cli/dba/internal/workspace/create.go:476.16,478.3 1 0
github.com/dba-cli/dba/internal/workspace/create.go:480.2,484.12 2 1
github.com/dba-cli/dba/internal/workspace/create.go:488.49,490.16 2 0
github.com/dba-cli/dba/internal/workspace/create.go:490.16,492.3 1 0
github.com/dba-cli/dba/internal/workspace/create.go:494.2,495.12 2 0
github.com/dba-cli/dba/internal/workspace/create.go:499.61,501.16 2 1
github.com/dba-cli/dba/internal/workspace/create.go:501.16,503.3 1 0
github.com/dba-cli/dba/internal/workspace/create.go:505.2,508.12 2 1
github.com/dba-cli/dba/internal/workspace/create.go:518.92,527.21 4 1
github.com/dba-cli/dba/internal/workspace/create.go:527.21,529.3 1 0
github.com/dba-cli/dba/internal/workspace/create.go:530.2,530.30 1 1
github.com/dba-cli/dba/internal/workspace/create.go:530.30,533.36 2 1
github.com/dba-cli/dba/internal/workspace/create.go:533.36,535.4 1 1
github.com/dba-cli/dba/internal/workspace/create.go:539.2,539.88 1 1
github.com/dba-cli/dba/internal/workspace/create.go:539.88,541.3 1 0
github.com/dba-cli/dba/internal/workspace/create.go:544.2,545.16 2 1
github.com/dba-cli/dba/internal/workspace/create.go:545.16,548.3 2 0
github.com/dba-cli/dba/internal/workspace/create.go:550.2,551.16 2 1
github.com/dba-cli/dba/internal/workspace/create.go:551.16,554.3 2 0
github.com/dba-cli/dba/internal/workspace/create.go:557.2,557.57 1 1
github.com/dba-cli/dba/internal/workspace/create.go:557.57,561.3 3 0
github.com/dba-cli/dba/internal/workspace/create.go:564.2,566.54 3 1
github.com/dba-cli/dba/internal/workspace/create.go:566.54,567.69 1 1
github.com/dba-cli/dba/internal/workspace/create.go:567.69,572.4 4 0
github.com/dba-cli/dba/internal/workspace/create.go:576.2,592.54 2 1
github.com/dba-cli/dba/internal/workspace/create.go:592.54,597.3 4 0
github.com/dba-cli/dba/internal/workspace/create.go:600.2,600.56 1 1
github.com/dba-cli/dba/internal/workspace/create.go:600.56,605.3 4 0
github.com/dba-cli/dba/internal/workspace/create.go:608.2,608.91 1 1
github.com/dba-cli/dba/internal/workspace/create.go:608.91,613.3 4 0
github.com/dba-cli/dba/internal/workspace/create.go:616.2,616.39 1 1
github.com/dba-cli/dba/internal/workspace/create.go:616.39,621.3 4 0
github.com/dba-cli/dba/internal/workspace/create.go:624.2,627.57 2 1
github.com/dba-cli/dba/internal/workspace/create.go:627.57,629.3 1 0
github.com/dba-cli/dba/internal/workspace/create.go:631.2,631.16 1 1
github.com/dba-cli/dba/internal/workspace/create.go:635.37,636.81 1 1
github.com/dba-cli/dba/internal/workspace/create.go:636.81,637.17 1 1
github.com/dba-cli/dba/internal/workspace/create.go:637.17,639.4 1 0
github.com/dba-cli/dba/internal/workspace/create.go:642.3,643.17 2 1
github.com/dba-cli/dba/internal/workspace/create.go:643.17,645.4 1 0
github.com/dba-cli/dba/internal/workspace/create.go:646.3,649.44 2 1
github.com/dba-cli/dba/internal/workspace/create.go:649.44,651.4 1 1
github.com/dba-cli/dba/internal/workspace/create.go:654.3,654.44 1 1
github.com/dba-cli/dba/internal/workspace/create.go:654.44,656.4 1 1
github.com/dba-cli/dba/internal/workspace/create.go:659.3,659.52 1 1
github.com/dba-cli/dba/internal/workspace/create.go:659.52,661.4 1 1
github.com/dba-cli/dba/internal/workspace/create.go:663.3,663.19 1 1
github.com/dba-cli/dba/internal/workspace/create.go:663.19,665.4 1 1
github.com/dba-cli/dba/internal/workspace/create.go:668.3,669.17 2 1
github.com/dba-cli/dba/internal/workspace/create.go:669.17,671.4 1 0
github.com/dba-cli/dba/internal/workspace/create.go:672.3,672.50 1 1
github.com/dba-cli/dba/internal/workspace/destroy.go:19.76,21.57 1 1
github.com/dba-cli/dba/internal/workspace/destroy.go:21.57,23.3 1 1
github.com/dba-cli/dba/internal/workspace/destroy.go:26.2,27.16 2 1
github.com/dba-cli/dba/internal/workspace/destroy.go:27.16,29.3 1 1
github.com/dba-cli/dba/internal/workspace/destroy.go:32.2,32.43 1 1
github.com/dba-cli/dba/internal/workspace/destroy.go:32.43,34.3 1 1
github.com/dba-cli/dba/internal/workspace/destroy.go:37.2,37.21 1 1
github.com/dba-cli/dba/internal/workspace/destroy.go:37.21,38.47 1 1
github.com/dba-cli/dba/internal/workspace/destroy.go:38.47,40.4 1 0
github.com/dba-cli/dba/internal/workspace/destroy.go:41.8,43.53 1 0
github.com/dba-cli/dba/internal/workspace/destroy.go:43.53,45.4 1 0
github.com/dba-cli/dba/internal/workspace/destroy.go:48.2,48.12 1 1
github.com/dba-cli/dba/internal/workspace/destroy.go:52.76,54.16 2 0
github.com/dba-cli/dba/internal/workspace/destroy.go:54.16,56.3 1 0
github.com/dba-cli/dba/internal/workspace/destroy.go:58.2,58.31 1 0
github.com/dba-cli/dba/internal/workspace/list.go:18.71,20.16 2 1
github.com/dba-cli/dba/internal/workspace/list.go:20.16,22.3 1 0
github.com/dba-cli/dba/internal/workspace/list.go:25.2,31.23 3 1
github.com/dba-cli/dba/internal/workspace/list.go:31.23,34.3 2 1
github.com/dba-cli/dba/internal/workspace/list.go:36.2,39.16 3 1
github.com/dba-cli/dba/internal/workspace/list.go:39.16,41.3 1 0
github.com/dba-cli/dba/internal/workspace/list.go:42.2,46.18 3 1
github.com/dba-cli/dba/internal/workspace/list.go:46.18,60.17 4 1
github.com/dba-cli/dba/internal/workspace/list.go:60.17,61.12 1 0
[...]
github.com/dba-cli/dba/internal/daemon/server.go:266.24,268.17 2 1
github.com/dba-cli/dba/internal/daemon/server.go:268.17,271.4 2 1
github.com/dba-cli/dba/internal/daemon/server.go:271.9,273.4 1 1
github.com/dba-cli/dba/internal/daemon/server.go:274.8,279.3 3 1
github.com/dba-cli/dba/internal/daemon/server.go:281.2,288.4 2 1
github.com/dba-cli/dba/internal/browser/client.go:22.54,25.22 2 1
github.com/dba-cli/dba/internal/browser/client.go:25.22,27.3 1 1
github.com/dba-cli/dba/internal/browser/client.go:29.2,29.53 1 1
github.com/dba-cli/dba/internal/browser/client.go:29.53,31.3 1 1
github.com/dba-cli/dba/internal/browser/client.go:34.2,34.25 1 1
github.com/dba-cli/dba/internal/browser/client.go:34.25,36.3 1 1
github.com/dba-cli/dba/internal/browser/client.go:38.2,40.8 1 1
github.com/dba-cli/dba/internal/browser/client.go:47.53,49.26 2 1
github.com/dba-cli/dba/internal/browser/client.go:49.26,51.3 1 1
github.com/dba-cli/dba/internal/browser/client.go:51.8,51.34 1 1
github.com/dba-cli/dba/internal/browser/client.go:51.34,53.3 1 0
github.com/dba-cli/dba/internal/browser/client.go:53.8,55.3 1 1
github.com/dba-cli/dba/internal/browser/client.go:57.2,58.16 2 1
github.com/dba-cli/dba/internal/browser/client.go:58.16,60.3 1 1
github.com/dba-cli/dba/internal/browser/client.go:62.2,63.12 2 0
github.com/dba-cli/dba/internal/browser/client.go:67.37,69.2 1 1
github.com/dba-cli/dba/internal/browser/client.go:72.43,74.2 1 1
github.com/dba-cli/dba/internal/browser/client.go:77.75,82.26 2 1
github.com/dba-cli/dba/internal/browser/client.go:82.26,84.3 1 1
github.com/dba-cli/dba/internal/browser/client.go:84.8,84.34 1 0
github.com/dba-cli/dba/internal/browser/client.go:84.34,86.3 1 0
github.com/dba-cli/dba/internal/browser/client.go:88.2,88.28 1 1
github.com/dba-cli/dba/internal/browser/client.go:88.28,90.3 1 0
github.com/dba-cli/dba/internal/browser/client.go:92.2,100.22 6 1
github.com/dba-cli/dba/internal/browser/client.go:100.22,102.3 1 1
github.com/dba-cli/dba/internal/browser/client.go:104.2,113.16 7 1
github.com/dba-cli/dba/internal/browser/client.go:113.16,115.44 1 1
github.com/dba-cli/dba/internal/browser/client.go:115.44,117.4 1 1
github.com/dba-cli/dba/internal/browser/client.go:120.3,121.68 2 1
github.com/dba-cli/dba/internal/browser/client.go:121.68,123.4 1 0
github.com/dba-cli/dba/internal/browser/client.go:126.3,127.20 2 1
github.com/dba-cli/dba/internal/browser/client.go:127.20,129.4 1 1
github.com/dba-cli/dba/internal/browser/client.go:131.3,136.4 1 1
github.com/dba-cli/dba/internal/browser/client.go:139.2,139.20 1 0
github.com/dba-cli/dba/internal/browser/client.go:143.51,144.18 1 1
github.com/dba-cli/dba/internal/browser/client.go:144.18,146.3 1 1
github.com/dba-cli/dba/internal/browser/client.go:147.2,149.12 3 1
github.com/dba-cli/dba/internal/browser/client.go:153.37,155.2 1 1
github.com/dba-cli/dba/internal/browser/client.go:158.45,160.2 1 1
github.com/dba-cli/dba/internal/browser/commands.go:12.62,15.2 2 1
github.com/dba-cli/dba/internal/browser/commands.go:18.50,21.2 2 1
github.com/dba-cli/dba/internal/browser/commands.go:24.53,27.2 2 1
github.com/dba-cli/dba/internal/browser/commands.go:30.52,33.2 2 1
github.com/dba-cli/dba/internal/browser/commands.go:38.91,40.17 2 1
github.com/dba-cli/dba/internal/browser/commands.go:40.17,42.3 1 1
github.com/dba-cli/dba/internal/browser/commands.go:44.2,45.16 2 1
github.com/dba-cli/dba/internal/browser/commands.go:45.16,47.3 1 1
github.com/dba-cli/dba/internal/browser/commands.go:49.2,49.35 1 0
github.com/dba-cli/dba/internal/browser/commands.go:53.68,56.2 2 1
github.com/dba-cli/dba/internal/browser/commands.go:59.98,61.23 2 1
github.com/dba-cli/dba/internal/browser/commands.go:61.23,63.3 1 1
github.com/dba-cli/dba/internal/browser/commands.go:64.2,64.25 1 1
github.com/dba-cli/dba/internal/browser/commands.go:64.25,66.3 1 1
github.com/dba-cli/dba/internal/browser/commands.go:67.2,67.20 1 1
github.com/dba-cli/dba/internal/browser/commands.go:67.20,69.3 1 1
github.com/dba-cli/dba/internal/browser/commands.go:70.2,71.12 2 1
github.com/dba-cli/dba/internal/browser/commands.go:75.74,78.2 2 1
github.com/dba-cli/dba/internal/browser/commands.go:81.68,84.2 2 1
github.com/dba-cli/dba/internal/browser/commands.go:87.73,90.2 2 1
github.com/dba-cli/dba/internal/browser/commands.go:93.95,96.2 2 1
github.com/dba-cli/dba/internal/browser/commands.go:99.73,102.2 2 1
github.com/dba-cli/dba/internal/browser/commands.go:105.68,108.2 2 1
github.com/dba-cli/dba/internal/browser/commands.go:111.63,114.2 2 1
github.com/dba-cli/dba/internal/browser/commands.go:117.76,120.2 2 1
github.com/dba-cli/dba/internal/browser/commands.go:123.76,126.2 2 1
github.com/dba-cli/dba/internal/browser/commands.go:129.83,132.2 2 1
github.com/dba-cli/dba/internal/browser/commands.go:135.68,138.2 2 1
github.com/dba-cli/dba/internal/browser/commands.go:141.70,144.2 2 1
github.com/dba-cli/dba/internal/browser/commands.go:147.91,149.16 2 1
github.com/dba-cli/dba/internal/browser/commands.go:149.16,151.3 1 1
github.com/dba-cli/dba/internal/browser/commands.go:152.2,153.12 2 1
github.com/dba-cli/dba/internal/browser/commands.go:157.71,160.2 2 1
github.com/dba-cli/dba/internal/browser/commands.go:165.90,167.21 2 1
github.com/dba-cli/dba/internal/browser/commands.go:167.21,169.3 1 1
github.com/dba-cli/dba/internal/browser/commands.go:170.2,170.19 1 1
github.com/dba-cli/dba/internal/browser/commands.go:170.19,172.3 1 1
github.com/dba-cli/dba/internal/browser/commands.go:173.2,173.45 1 1
github.com/dba-cli/dba/internal/browser/commands.go:173.45,175.3 1 1
github.com/dba-cli/dba/internal/browser/commands.go:176.2,176.28 1 1
github.com/dba-cli/dba/internal/browser/commands.go:180.80,182.2 1 1
github.com/dba-cli/dba/internal/browser/commands.go:185.81,187.2 1 1
github.com/dba-cli/dba/internal/browser/commands.go:190.91,192.2 1 1
github.com/dba-cli/dba/internal/browser/commands.go:195.64,197.2 1 1
github.com/dba-cli/dba/internal/browser/commands.go:200.62,202.2 1 1
github.com/dba-cli/dba/internal/browser/commands.go:205.80,207.2 1 1
github.com/dba-cli/dba/internal/browser/commands.go:210.85,212.2 1 1
github.com/dba-cli/dba/internal/browser/commands.go:217.80,219.16 2 1
github.com/dba-cli/dba/internal/browser/commands.go:219.16,221.3 1 1
github.com/dba-cli/dba/internal/browser/commands.go:222.2,222.30 1 0
github.com/dba-cli/dba/internal/browser/commands.go:226.80,228.16 2 1
github.com/dba-cli/dba/internal/browser/commands.go:228.16,230.3 1 1
github.com/dba-cli/dba/internal/browser/commands.go:231.2,231.30 1 0
github.com/dba-cli/dba/internal/browser/commands.go:235.80,237.16 2 1
github.com/dba-cli/dba/internal/browser/commands.go:237.16,239.3 1 1
github.com/dba-cli/dba/internal/browser/commands.go:240.2,240.30 1 0
github.com/dba-cli/dba/internal/browser/commands.go:244.81,246.16 2 1
github.com/dba-cli/dba/internal/browser/commands.go:246.16,248.3 1 1
github.com/dba-cli/dba/internal/browser/commands.go:249.2,249.30 1 0
github.com/dba-cli/dba/internal/browser/commands.go:253.77,255.16 2 1
github.com/dba-cli/dba/internal/browser/commands.go:255.16,257.32 1 1
github.com/dba-cli/dba/internal/browser/commands.go:257.32,259.4 1 0
github.com/dba-cli/dba/internal/browser/commands.go:260.3,260.20 1 1
github.com/dba-cli/dba/internal/browser/commands.go:262.2,262.30 1 0
github.com/dba-cli/dba/internal/browser/commands.go:268.85,270.22 2 1
github.com/dba-cli/dba/internal/browser/commands.go:270.22,272.3 1 1
github.com/dba-cli/dba/internal/browser/commands.go:273.2,273.22 1 1
github.com/dba-cli/dba/internal/browser/commands.go:273.22,275.3 1 1
github.com/dba-cli/dba/internal/browser/commands.go:276.2,277.12 2 1
github.com/dba-cli/dba/internal/browser/commands.go:281.60,284.2 2 1
github.com/dba-cli/dba/internal/browser/commands.go:287.83,289.17 2 1
github.com/dba-cli/dba/internal/browser/commands.go:289.17,291.3 1 1
github.com/dba-cli/dba/internal/browser/commands.go:292.2,293.12 2 1
github.com/dba-cli/dba/internal/browser/commands.go:297.85,299.17 2 1
github.com/dba-cli/dba/internal/browser/commands.go:299.17,301.3 1 1
github.com/dba-cli/dba/internal/browser/commands.go:302.2,303.12 2 1
github.com/dba-cli/dba/internal/browser/commands.go:307.76,309.17 2 1
github.com/dba-cli/dba/internal/browser/commands.go:309.17,311.3 1 1
github.com/dba-cli/dba/internal/browser/commands.go:312.2,313.12 2 1
github.com/dba-cli/dba/internal/browser/commands.go:317.89,319.17 2 1
github.com/dba-cli/dba/internal/browser/commands.go:319.17,321.3 1 1
github.com/dba-cli/dba/internal/browser/commands.go:322.2,323.12 2 1
github.com/dba-cli/dba/internal/browser/commands.go:329.75,331.2 1 1
github.com/dba-cli/dba/internal/browser/commands.go:334.87,336.2 1 1
github.com/dba-cli/dba/internal/browser/commands.go:339.68,342.2 2 1
github.com/dba-cli/dba/internal/browser/commands.go:345.67,348.2 2 1
github.com/dba-cli/dba/internal/browser/commands.go:351.89,354.2 2 1
github.com/dba-cli/dba/internal/browser/commands.go:357.90,362.2 4 1
github.com/dba-cli/dba/internal/browser/commands.go:365.76,368.2 2 1
github.com/dba-cli/dba/internal/browser/commands.go:371.62,374.2 2 1
github.com/dba-cli/dba/internal/browser/commands.go:377.68,380.2 2 1
github.com/dba-cli/dba/internal/browser/commands.go:383.55,386.2 2 1
github.com/dba-cli/dba/internal/browser/commands.go:389.60,392.2 2 1
github.com/dba-cli/dba/internal/browser/commands.go:395.52,398.2 2 1
github.com/dba-cli/dba/internal/browser/commands.go:401.54,404.2 2 1
github.com/dba-cli/dba/internal/browser/errors.go:55.39,57.2 1 1
github.com/dba-cli/dba/internal/browser/errors.go:59.39,61.2 1 1
github.com/dba-cli/dba/internal/browser/errors.go:64.38,67.9 2 1
github.com/dba-cli/dba/internal/browser/errors.go:68.44,69.28 1 1
github.com/dba-cli/dba/internal/browser/errors.go:70.46,71.30 1 1
github.com/dba-cli/dba/internal/browser/errors.go:72.85,73.30 1 1
github.com/dba-cli/dba/internal/browser/errors.go:74.47,75.31 1 1
github.com/dba-cli/dba/internal/browser/errors.go:76.82,77.20 1 1
github.com/dba-cli/dba/internal/browser/errors.go:78.45,79.29 1 1
github.com/dba-cli/dba/internal/browser/errors.go:80.40,81.21 1 1
github.com/dba-cli/dba/internal/browser/errors.go:82.88,83.23 1 1
github.com/dba-cli/dba/internal/browser/errors.go:84.10,85.13 1 1
github.com/dba-cli/dba/internal/browser/snapshot.go:13.51,20.21 3 1
github.com/dba-cli/dba/internal/browser/snapshot.go:20.21,22.17 2 1
github.com/dba-cli/dba/internal/browser/snapshot.go:22.17,23.12 1 1
github.com/dba-cli/dba/internal/browser/snapshot.go:27.3,27.36 1 1
github.com/dba-cli/dba/internal/browser/snapshot.go:27.36,29.19 2 1
github.com/dba-cli/dba/internal/browser/snapshot.go:29.19,31.5 1 1
github.com/dba-cli/dba/internal/browser/snapshot.go:35.2,35.15 1 1
github.com/dba-cli/dba/internal/browser/snapshot.go:40.45,43.15 2 1
github.com/dba-cli/dba/internal/browser/snapshot.go:43.15,45.3 1 1
github.com/dba-cli/dba/internal/browser/snapshot.go:48.2,52.35 3 1
github.com/dba-cli/dba/internal/browser/snapshot.go:52.35,54.3 1 1
github.com/dba-cli/dba/internal/browser/snapshot.go:55.2,62.20 6 1
github.com/dba-cli/dba/internal/browser/snapshot.go:62.20,64.3 1 1
github.com/dba-cli/dba/internal/browser/snapshot.go:65.2,65.20 1 1
github.com/dba-cli/dba/internal/browser/snapshot.go:65.20,68.3 1 1
github.com/dba-cli/dba/internal/browser/snapshot.go:70.2,76.3 1 1
github.com/dba-cli/dba/internal/browser/snapshot.go:80.64,81.28 1 1
github.com/dba-cli/dba/internal/browser/snapshot.go:81.28,82.31 1 1
github.com/dba-cli/dba/internal/browser/snapshot.go:82.31,84.4 1 1
github.com/dba-cli/dba/internal/browser/snapshot.go:86.2,86.12 1 1
github.com/dba-cli/dba/internal/browser/snapshot.go:90.68,92.34 2 1
github.com/dba-cli/dba/internal/browser/snapshot.go:92.34,93.24 1 1
github.com/dba-cli/dba/internal/browser/snapshot.go:93.24,95.4 1 1
github.com/dba-cli/dba/internal/browser/snapshot.go:97.2,97.16 1 1
github.com/dba-cli/dba/internal/browser/snapshot.go:101.68,104.34 3 1
github.com/dba-cli/dba/internal/browser/snapshot.go:104.34,105.58 1 1
github.com/dba-cli/dba/internal/browser/snapshot.go:105.58,107.4 1 1
github.com/dba-cli/dba/internal/browser/snapshot.go:109.2,109.16 1 1
github.com/dba-cli/dba/internal/browser/snapshot.go:113.45,115.34 2 1
github.com/dba-cli/dba/internal/browser/snapshot.go:115.34,117.3 1 1
github.com/dba-cli/dba/internal/browser/snapshot.go:118.2,118.13 1 1
github.com/dba-cli/dba/internal/browser/snapshot.go:122.38,124.2 1 1
github.com/dba-cli/dba/internal/browser/snapshot.go:127.41,129.2 1 1
github.com/dba-cli/dba/internal/browser/snapshot.go:132.49,134.2 1 1
github.com/dba-cli/dba/internal/browser/snapshot.go:137.48,139.2 1 1
github.com/dba-cli/dba/internal/browser/snapshot.go:142.47,144.2 1 1
github.com/dba-cli/dba/internal/morph/errors.go:42.35,44.2 1 1
github.com/dba-cli/dba/internal/morph/errors.go:47.49,48.16 1 1
github.com/dba-cli/dba/internal/morph/errors.go:48.16,50.3 1 1
github.com/dba-cli/dba/internal/morph/errors.go:51.2,51.43 1 1
github.com/dba-cli/dba/internal/morph/manager.go:26.57,28.16 2 1
github.com/dba-cli/dba/internal/morph/manager.go:28.16,30.3 1 1
github.com/dba-cli/dba/internal/morph/manager.go:32.2,37.8 1 0
github.com/dba-cli/dba/internal/morph/manager.go:41.112,46.78 3 0
github.com/dba-cli/dba/internal/morph/manager.go:46.78,48.3 1 0
github.com/dba-cli/dba/internal/morph/manager.go:51.2,51.22 1 0
github.com/dba-cli/dba/internal/morph/manager.go:51.22,53.3 1 0
github.com/dba-cli/dba/internal/morph/manager.go:55.2,56.14 2 0
github.com/dba-cli/dba/internal/morph/manager.go:56.14,58.3 1 0
github.com/dba-cli/dba/internal/morph/manager.go:61.2,69.63 3 0
github.com/dba-cli/dba/internal/morph/manager.go:69.63,71.3 1 0
github.com/dba-cli/dba/internal/morph/manager.go:73.2,82.26 2 0
github.com/dba-cli/dba/internal/morph/manager.go:82.26,87.3 4 0
github.com/dba-cli/dba/internal/morph/manager.go:89.2,90.22 2 0
github.com/dba-cli/dba/internal/morph/manager.go:94.79,102.9 5 1
github.com/dba-cli/dba/internal/morph/manager.go:102.9,104.3 1 1
github.com/dba-cli/dba/internal/morph/manager.go:106.2,106.34 1 1
github.com/dba-cli/dba/internal/morph/manager.go:106.34,108.3 1 1
github.com/dba-cli/dba/internal/morph/manager.go:110.2,111.53 2 0
github.com/dba-cli/dba/internal/morph/manager.go:111.53,113.3 1 0
github.com/dba-cli/dba/internal/morph/manager.go:115.2,117.12 3 0
github.com/dba-cli/dba/internal/morph/manager.go:121.91,126.9 4 1
github.com/dba-cli/dba/internal/morph/manager.go:126.9,128.3 1 1
github.com/dba-cli/dba/internal/morph/manager.go:130.2,130.18 1 1
github.com/dba-cli/dba/internal/morph/manager.go:134.102,139.9 4 1
github.com/dba-cli/dba/internal/morph/manager.go:139.9,141.3 1 1
github.com/dba-cli/dba/internal/morph/manager.go:143.2,143.34 1 1
github.com/dba-cli/dba/internal/morph/manager.go:143.34,145.3 1 1
github.com/dba-cli/dba/internal/morph/manager.go:147.2,150.63 3 0
github.com/dba-cli/dba/internal/morph/manager.go:150.63,152.3 1 0
github.com/dba-cli/dba/internal/morph/manager.go:154.2,154.21 1 0
github.com/dba-cli/dba/internal/morph/manager.go:158.105,163.9 4 1
github.com/dba-cli/dba/internal/morph/manager.go:163.9,165.3 1 1
github.com/dba-cli/dba/internal/morph/manager.go:167.2,167.34 1 1
github.com/dba-cli/dba/internal/morph/manager.go:167.34,169.3 1 1
github.com/dba-cli/dba/internal/morph/manager.go:171.2,178.63 3 0
github.com/dba-cli/dba/internal/morph/manager.go:178.63,180.3 1 0
github.com/dba-cli/dba/internal/morph/manager.go:182.2,185.8 1 0
github.com/dba-cli/dba/internal/morph/manager.go:189.75,196.77 2 0
github.com/dba-cli/dba/internal/morph/manager.go:196.77,198.3 1 0
github.com/dba-cli/dba/internal/morph/manager.go:200.2,201.28 2 0
github.com/dba-cli/dba/internal/morph/manager.go:201.28,206.3 1 0
github.com/dba-cli/dba/internal/morph/manager.go:208.2,208.23 1 0
github.com/dba-cli/dba/internal/morph/manager.go:212.54,218.2 4 1
github.com/dba-cli/dba/internal/morph/manager.go:221.64,225.35 3 1
github.com/dba-cli/dba/internal/morph/manager.go:225.35,226.43 1 1
github.com/dba-cli/dba/internal/morph/manager.go:226.43,228.4 1 1
github.com/dba-cli/dba/internal/morph/manager.go:230.2,230.12 1 1
github.com/dba-cli/dba/internal/morph/manager.go:234.47,239.35 4 1
github.com/dba-cli/dba/internal/morph/manager.go:239.35,241.3 1 1
github.com/dba-cli/dba/internal/morph/manager.go:242.2,242.18 1 1
github.com/dba-cli/dba/internal/morph/manager.go:246.95,251.9 4 1
github.com/dba-cli/dba/internal/morph/manager.go:251.9,253.3 1 1
github.com/dba-cli/dba/internal/morph/manager.go:255.2,263.63 3 0
github.com/dba-cli/dba/internal/morph/manager.go:263.63,265.3 1 0
github.com/dba-cli/dba/internal/morph/manager.go:267.2,267.20 1 0
github.com/dba-cli/dba/internal/morph/manager.go:267.20,272.3 4 0
github.com/dba-cli/dba/internal/morph/manager.go:274.2,278.18 4 0
github.com/dba-cli/dba/internal/morph/manager.go:282.54,287.2 3 1
github.com/dba-cli/dba/internal/morph/manager.go:290.67,295.2 3 1
github.com/dba-cli/dba/internal/morph/manager.go:299.105,304.78 3 1
github.com/dba-cli/dba/internal/morph/manager.go:304.78,307.3 2 0
github.com/dba-cli/dba/internal/morph/manager.go:308.2,310.9 2 1
github.com/dba-cli/dba/internal/morph/manager.go:310.9,312.3 1 1
github.com/dba-cli/dba/internal/morph/manager.go:314.2,314.34 1 1
github.com/dba-cli/dba/internal/morph/manager.go:314.34,316.3 1 1
github.com/dba-cli/dba/internal/morph/manager.go:319.2,329.36 6 0
github.com/dba-cli/dba/internal/morph/manager.go:329.36,331.3 1 0
github.com/dba-cli/dba/internal/morph/manager.go:333.2,339.12 5 0
github.com/dba-cli/dba/internal/morph/manager.go:339.12,342.41 3 0
github.com/dba-cli/dba/internal/morph/manager.go:342.41,344.4 1 0
github.com/dba-cli/dba/internal/morph/manager.go:345.3,345.16 1 0
github.com/dba-cli/dba/internal/morph/manager.go:348.2,348.12 1 0
github.com/dba-cli/dba/internal/morph/manager.go:352.61,355.8 3 1
github.com/dba-cli/dba/internal/morph/manager.go:355.8,357.3 1 1
github.com/dba-cli/dba/internal/morph/manager.go:358.2,360.45 2 1
github.com/dba-cli/dba/internal/morph/manager.go:360.45,362.3 1 1
github.com/dba-cli/dba/internal/morph/manager.go:365.2,365.57 1 0
github.com/dba-cli/dba/internal/morph/manager.go:365.57,368.3 1 0
github.com/dba-cli/dba/internal/morph/manager.go:370.2,370.12 1 0
github.com/dba-cli/dba/internal/morph/manager.go:375.86,377.2 1 1
github.com/dba-cli/dba/internal/morph/python.go:27.35,28.46 1 1
github.com/dba-cli/dba/internal/morph/python.go:28.46,30.17 2 1
github.com/dba-cli/dba/internal/morph/python.go:30.17,31.12 1 0
github.com/dba-cli/dba/internal/morph/python.go:35.3,36.35 2 1
github.com/dba-cli/dba/internal/morph/python.go:36.35,37.12 1 1
github.com/dba-cli/dba/internal/morph/python.go:40.3,40.19 1 0
github.com/dba-cli/dba/internal/morph/python.go:44.2,44.46 1 1
github.com/dba-cli/dba/internal/morph/python.go:44.46,45.53 1 1
github.com/dba-cli/dba/internal/morph/python.go:45.53,47.4 1 1
github.com/dba-cli/dba/internal/morph/python.go:50.2,50.30 1 0
github.com/dba-cli/dba/internal/morph/python.go:54.60,55.18 1 1
github.com/dba-cli/dba/internal/morph/python.go:55.18,57.3 1 1
github.com/dba-cli/dba/internal/morph/python.go:58.2,58.18 1 1
github.com/dba-cli/dba/internal/morph/python.go:58.18,60.3 1 1
github.com/dba-cli/dba/internal/morph/python.go:62.2,63.16 2 1
github.com/dba-cli/dba/internal/morph/python.go:63.16,65.3 1 1
github.com/dba-cli/dba/internal/morph/python.go:67.2,71.8 1 0
github.com/dba-cli/dba/internal/morph/python.go:75.80,87.16 9 0
github.com/dba-cli/dba/internal/morph/python.go:87.16,88.44 1 0
github.com/dba-cli/dba/internal/morph/python.go:88.44,90.4 1 0
github.com/dba-cli/dba/internal/morph/python.go:91.3,91.78 1 0
github.com/dba-cli/dba/internal/morph/python.go:94.2,94.48 1 0
github.com/dba-cli/dba/internal/morph/python.go:98.94,100.16 2 0
github.com/dba-cli/dba/internal/morph/python.go:100.16,102.3 1 0
github.com/dba-cli/dba/internal/morph/python.go:104.2,104.63 1 0
github.com/dba-cli/dba/internal/morph/python.go:104.63,106.3 1 0
github.com/dba-cli/dba/internal/morph/python.go:108.2,108.12 1 0
